{"numTotalTestSuites":19,"numPassedTestSuites":19,"numFailedTestSuites":0,"numPendingTestSuites":0,"numTotalTests":47,"numPassedTests":47,"numFailedTests":0,"numPendingTests":0,"numTodoTests":0,"snapshot":{"added":0,"failure":false,"filesAdded":0,"filesRemoved":0,"filesRemovedList":[],"filesUnmatched":0,"filesUpdated":0,"matched":0,"total":0,"unchecked":0,"uncheckedKeysByFile":[],"unmatched":0,"updated":0,"didUpdate":false},"startTime":1757981465297,"success":true,"testResults":[{"assertionResults":[{"ancestorTitles":["OpenAPI Specification"],"fullName":"OpenAPI Specification should be valid OpenAPI 3.1 spec","status":"passed","title":"should be valid OpenAPI 3.1 spec","duration":75.33349999999996,"failureMessages":[],"meta":{}},{"ancestorTitles":["OpenAPI Specification"],"fullName":"OpenAPI Specification should pass Redocly validation","status":"passed","title":"should pass Redocly validation","duration":1642.6018749999998,"failureMessages":[],"meta":{}},{"ancestorTitles":["OpenAPI Specification"],"fullName":"OpenAPI Specification should have all required info fields","status":"passed","title":"should have all required info fields","duration":49.41145800000004,"failureMessages":[],"meta":{}},{"ancestorTitles":["OpenAPI Specification"],"fullName":"OpenAPI Specification should have security scheme defined","status":"passed","title":"should have security scheme defined","duration":35.57191699999976,"failureMessages":[],"meta":{}},{"ancestorTitles":["OpenAPI Specification"],"fullName":"OpenAPI Specification should have all paths with operation IDs","status":"passed","title":"should have all paths with operation IDs","duration":35.07745799999975,"failureMessages":[],"meta":{}},{"ancestorTitles":["OpenAPI Specification"],"fullName":"OpenAPI Specification should have LLM hints for all operations","status":"passed","title":"should have LLM hints for all operations","duration":34.7668749999998,"failureMessages":[],"meta":{}},{"ancestorTitles":["OpenAPI Specification"],"fullName":"OpenAPI Specification should have examples for all responses","status":"passed","title":"should have examples for all responses","duration":34.0151249999999,"failureMessages":[],"meta":{}},{"ancestorTitles":["OpenAPI Specification"],"fullName":"OpenAPI Specification should have Budget schema defined","status":"passed","title":"should have Budget schema defined","duration":37.039124999999785,"failureMessages":[],"meta":{}},{"ancestorTitles":["OpenAPI Specification"],"fullName":"OpenAPI Specification should have consistent schema naming","status":"passed","title":"should have consistent schema naming","duration":33.46537500000022,"failureMessages":[],"meta":{}}],"startTime":1757981465541,"endTime":1757981467518.4653,"status":"passed","message":"","name":"/Users/brianokelley/conductor/activation-api/.conductor/list/src/openapi.test.ts"},{"assertionResults":[{"ancestorTitles":["MCP Server Integration","Scope3ApiClient Integration"],"fullName":"MCP Server Integration Scope3ApiClient Integration should create client with correct GraphQL URL","status":"passed","title":"should create client with correct GraphQL URL","duration":0.9542919999998958,"failureMessages":[],"meta":{}},{"ancestorTitles":["MCP Server Integration","Scope3ApiClient Integration"],"fullName":"MCP Server Integration Scope3ApiClient Integration should handle successful agent retrieval","status":"passed","title":"should handle successful agent retrieval","duration":0.2563749999999345,"failureMessages":[],"meta":{}},{"ancestorTitles":["MCP Server Integration","Scope3ApiClient Integration"],"fullName":"MCP Server Integration Scope3ApiClient Integration should handle authentication failures","status":"passed","title":"should handle authentication failures","duration":0.5141669999998157,"failureMessages":[],"meta":{}},{"ancestorTitles":["MCP Server Integration","Scope3ApiClient Integration"],"fullName":"MCP Server Integration Scope3ApiClient Integration should handle service unavailable errors","status":"passed","title":"should handle service unavailable errors","duration":0.11100000000033106,"failureMessages":[],"meta":{}},{"ancestorTitles":["MCP Server Integration","Scope3ApiClient Integration"],"fullName":"MCP Server Integration Scope3ApiClient Integration should handle invalid request errors","status":"passed","title":"should handle invalid request errors","duration":0.09375,"failureMessages":[],"meta":{}},{"ancestorTitles":["MCP Server Integration","Scope3ApiClient Integration"],"fullName":"MCP Server Integration Scope3ApiClient Integration should pass where clause correctly","status":"passed","title":"should pass where clause correctly","duration":0.1580420000000231,"failureMessages":[],"meta":{}},{"ancestorTitles":["MCP Server Integration","Scope3ApiClient Integration"],"fullName":"MCP Server Integration Scope3ApiClient Integration should use empty where clause by default","status":"passed","title":"should use empty where clause by default","duration":0.07412500000009459,"failureMessages":[],"meta":{}}],"startTime":1757981467631,"endTime":1757981467633.5142,"status":"passed","message":"","name":"/Users/brianokelley/conductor/activation-api/.conductor/list/src/server.test.ts"},{"assertionResults":[{"ancestorTitles":["Scope3ApiClient - Service Level Contract","Brand Agent Listing"],"fullName":"Scope3ApiClient - Service Level Contract Brand Agent Listing should return brand agents when service is available","status":"passed","title":"should return brand agents when service is available","duration":1.696833999999967,"failureMessages":[],"meta":{}},{"ancestorTitles":["Scope3ApiClient - Service Level Contract","Brand Agent Listing"],"fullName":"Scope3ApiClient - Service Level Contract Brand Agent Listing should handle authentication errors gracefully","status":"passed","title":"should handle authentication errors gracefully","duration":0.5961669999999231,"failureMessages":[],"meta":{}},{"ancestorTitles":["Scope3ApiClient - Service Level Contract","Brand Agent Listing"],"fullName":"Scope3ApiClient - Service Level Contract Brand Agent Listing should support filtering by criteria","status":"passed","title":"should support filtering by criteria","duration":0.3841659999999365,"failureMessages":[],"meta":{}},{"ancestorTitles":["Scope3ApiClient - Service Level Contract","Brand Agent Listing"],"fullName":"Scope3ApiClient - Service Level Contract Brand Agent Listing should handle mixed enhancement states gracefully","status":"passed","title":"should handle mixed enhancement states gracefully","duration":0.29937500000005457,"failureMessages":[],"meta":{}},{"ancestorTitles":["Scope3ApiClient - Service Level Contract","Brand Agent Retrieval"],"fullName":"Scope3ApiClient - Service Level Contract Brand Agent Retrieval should return brand agent when found","status":"passed","title":"should return brand agent when found","duration":0.20954200000005585,"failureMessages":[],"meta":{}},{"ancestorTitles":["Scope3ApiClient - Service Level Contract","Brand Agent Retrieval"],"fullName":"Scope3ApiClient - Service Level Contract Brand Agent Retrieval should handle not found errors","status":"passed","title":"should handle not found errors","duration":0.16304200000001856,"failureMessages":[],"meta":{}},{"ancestorTitles":["Scope3ApiClient - Service Level Contract","Brand Agent Retrieval"],"fullName":"Scope3ApiClient - Service Level Contract Brand Agent Retrieval should work with GraphQL-only data when enhancement unavailable","status":"passed","title":"should work with GraphQL-only data when enhancement unavailable","duration":0.2143749999999045,"failureMessages":[],"meta":{}},{"ancestorTitles":["Scope3ApiClient - Service Level Contract","Brand Agent Creation"],"fullName":"Scope3ApiClient - Service Level Contract Brand Agent Creation should create brand agent with provided data","status":"passed","title":"should create brand agent with provided data","duration":0.25337500000000546,"failureMessages":[],"meta":{}},{"ancestorTitles":["Scope3ApiClient - Service Level Contract","Brand Agent Creation"],"fullName":"Scope3ApiClient - Service Level Contract Brand Agent Creation should handle validation errors","status":"passed","title":"should handle validation errors","duration":0.14595799999995052,"failureMessages":[],"meta":{}},{"ancestorTitles":["Scope3ApiClient - Service Level Contract","Brand Agent Updates"],"fullName":"Scope3ApiClient - Service Level Contract Brand Agent Updates should update brand agent with provided changes","status":"passed","title":"should update brand agent with provided changes","duration":0.1919589999999971,"failureMessages":[],"meta":{}},{"ancestorTitles":["Scope3ApiClient - Service Level Contract","Brand Agent Updates"],"fullName":"Scope3ApiClient - Service Level Contract Brand Agent Updates should handle partial updates","status":"passed","title":"should handle partial updates","duration":0.14108299999998053,"failureMessages":[],"meta":{}},{"ancestorTitles":["Scope3ApiClient - Service Level Contract","Brand Agent Deletion"],"fullName":"Scope3ApiClient - Service Level Contract Brand Agent Deletion should delete brand agent successfully","status":"passed","title":"should delete brand agent successfully","duration":0.13666599999999107,"failureMessages":[],"meta":{}},{"ancestorTitles":["Scope3ApiClient - Service Level Contract","Brand Agent Deletion"],"fullName":"Scope3ApiClient - Service Level Contract Brand Agent Deletion should handle deletion of non-existent agent","status":"passed","title":"should handle deletion of non-existent agent","duration":0.14229199999999764,"failureMessages":[],"meta":{}},{"ancestorTitles":["Scope3ApiClient - Service Level Contract","Performance Requirements"],"fullName":"Scope3ApiClient - Service Level Contract Performance Requirements should complete single agent retrieval within time limit","status":"passed","title":"should complete single agent retrieval within time limit","duration":0.1840829999999869,"failureMessages":[],"meta":{}},{"ancestorTitles":["Scope3ApiClient - Service Level Contract","Performance Requirements"],"fullName":"Scope3ApiClient - Service Level Contract Performance Requirements should handle slow backend gracefully","status":"passed","title":"should handle slow backend gracefully","duration":100.67116700000008,"failureMessages":[],"meta":{}},{"ancestorTitles":["Scope3ApiClient - Service Level Contract","Error Recovery"],"fullName":"Scope3ApiClient - Service Level Contract Error Recovery should provide clear error messages for common failures","status":"passed","title":"should provide clear error messages for common failures","duration":0.46012499999994816,"failureMessages":[],"meta":{}},{"ancestorTitles":["Scope3ApiClient - Service Level Contract","Architectural Pattern Validation"],"fullName":"Scope3ApiClient - Service Level Contract Architectural Pattern Validation should maintain consistent response structure across all operations","status":"passed","title":"should maintain consistent response structure across all operations","duration":0.37175000000002,"failureMessages":[],"meta":{}},{"ancestorTitles":["Scope3ApiClient - Service Level Contract","Architectural Pattern Validation"],"fullName":"Scope3ApiClient - Service Level Contract Architectural Pattern Validation should handle concurrent operations safely","status":"passed","title":"should handle concurrent operations safely","duration":0.5787910000000238,"failureMessages":[],"meta":{}}],"startTime":1757981465576,"endTime":1757981465682.5789,"status":"passed","message":"","name":"/Users/brianokelley/conductor/activation-api/.conductor/list/src/client/scope3-client-service-level.test.ts"},{"assertionResults":[{"ancestorTitles":["signals/get-partner-seats"],"fullName":"signals/get-partner-seats should return partner seats on successful request","status":"passed","title":"should return partner seats on successful request","duration":1.4364589999998998,"failureMessages":[],"meta":{}},{"ancestorTitles":["signals/get-partner-seats"],"fullName":"signals/get-partner-seats should handle missing API key","status":"passed","title":"should handle missing API key","duration":0.16191700000001674,"failureMessages":[],"meta":{}},{"ancestorTitles":["signals/get-partner-seats"],"fullName":"signals/get-partner-seats should handle empty seats response","status":"passed","title":"should handle empty seats response","duration":0.09633400000006986,"failureMessages":[],"meta":{}},{"ancestorTitles":["signals/get-partner-seats"],"fullName":"signals/get-partner-seats should handle API errors","status":"passed","title":"should handle API errors","duration":0.16849999999999454,"failureMessages":[],"meta":{}},{"ancestorTitles":["signals/get-partner-seats"],"fullName":"signals/get-partner-seats should use environment variable if no session API key","status":"passed","title":"should use environment variable if no session API key","duration":0.12562500000001364,"failureMessages":[],"meta":{}}],"startTime":1757981465541,"endTime":1757981465543.1685,"status":"passed","message":"","name":"/Users/brianokelley/conductor/activation-api/.conductor/list/src/tools/signals/get-partner-seats.test.ts"},{"assertionResults":[{"ancestorTitles":["signals/list"],"fullName":"signals/list should list signals successfully without filters","status":"passed","title":"should list signals successfully without filters","duration":2.4413750000001073,"failureMessages":[],"meta":{}},{"ancestorTitles":["signals/list"],"fullName":"signals/list should list signals with region and channel filters","status":"passed","title":"should list signals with region and channel filters","duration":0.3061250000000655,"failureMessages":[],"meta":{}},{"ancestorTitles":["signals/list"],"fullName":"signals/list should use seat filtering when seatId is provided","status":"passed","title":"should use seat filtering when seatId is provided","duration":0.3892919999999549,"failureMessages":[],"meta":{}},{"ancestorTitles":["signals/list"],"fullName":"signals/list should handle empty results with helpful message","status":"passed","title":"should handle empty results with helpful message","duration":0.24837500000001,"failureMessages":[],"meta":{}},{"ancestorTitles":["signals/list"],"fullName":"signals/list should display platform statistics","status":"passed","title":"should display platform statistics","duration":0.19466699999998127,"failureMessages":[],"meta":{}},{"ancestorTitles":["signals/list"],"fullName":"signals/list should handle missing API key","status":"passed","title":"should handle missing API key","duration":0.2050410000000511,"failureMessages":[],"meta":{}},{"ancestorTitles":["signals/list"],"fullName":"signals/list should handle API errors","status":"passed","title":"should handle API errors","duration":0.215958999999998,"failureMessages":[],"meta":{}},{"ancestorTitles":["signals/list"],"fullName":"signals/list should use environment variable when no session API key","status":"passed","title":"should use environment variable when no session API key","duration":0.17512499999998,"failureMessages":[],"meta":{}}],"startTime":1757981465541,"endTime":1757981465545.216,"status":"passed","message":"","name":"/Users/brianokelley/conductor/activation-api/.conductor/list/src/tools/signals/list.test.ts"}],"coverageMap":{"/Users/brianokelley/conductor/activation-api/.conductor/list/src/services/base/bigquery-base-service.ts":{"path":"/Users/brianokelley/conductor/activation-api/.conductor/list/src/services/base/bigquery-base-service.ts","all":false,"statementMap":{"0":{"start":{"line":1,"column":0},"end":{"line":1,"column":50}},"8":{"start":{"line":9,"column":0},"end":{"line":9,"column":43}},"15":{"start":{"line":16,"column":0},"end":{"line":16,"column":51}},"16":{"start":{"line":17,"column":0},"end":{"line":17,"column":35}},"17":{"start":{"line":18,"column":0},"end":{"line":18,"column":35}},"18":{"start":{"line":19,"column":0},"end":{"line":19,"column":38}},"19":{"start":{"line":20,"column":0},"end":{"line":20,"column":32}},"20":{"start":{"line":21,"column":0},"end":{"line":21,"column":24}},"21":{"start":{"line":22,"column":0},"end":{"line":22,"column":62}},"22":{"start":{"line":23,"column":0},"end":{"line":23,"column":3}},"27":{"start":{"line":28,"column":0},"end":{"line":28,"column":41}},"28":{"start":{"line":29,"column":0},"end":{"line":29,"column":9}},"30":{"start":{"line":31,"column":0},"end":{"line":31,"column":39}},"31":{"start":{"line":32,"column":0},"end":{"line":32,"column":58}},"32":{"start":{"line":33,"column":0},"end":{"line":33,"column":29}},"33":{"start":{"line":34,"column":0},"end":{"line":34,"column":21}},"34":{"start":{"line":35,"column":0},"end":{"line":35,"column":60}},"35":{"start":{"line":36,"column":0},"end":{"line":36,"column":19}},"36":{"start":{"line":37,"column":0},"end":{"line":37,"column":5}},"37":{"start":{"line":38,"column":0},"end":{"line":38,"column":3}},"42":{"start":{"line":43,"column":0},"end":{"line":43,"column":44}},"43":{"start":{"line":44,"column":0},"end":{"line":44,"column":18}},"44":{"start":{"line":45,"column":0},"end":{"line":45,"column":41}},"45":{"start":{"line":46,"column":0},"end":{"line":46,"column":19}},"46":{"start":{"line":47,"column":0},"end":{"line":47,"column":9}},"47":{"start":{"line":48,"column":0},"end":{"line":48,"column":48}},"48":{"start":{"line":49,"column":0},"end":{"line":49,"column":15}},"49":{"start":{"line":50,"column":0},"end":{"line":50,"column":14}},"50":{"start":{"line":51,"column":0},"end":{"line":51,"column":9}},"51":{"start":{"line":52,"column":0},"end":{"line":52,"column":25}},"52":{"start":{"line":53,"column":0},"end":{"line":53,"column":21}},"53":{"start":{"line":54,"column":0},"end":{"line":54,"column":72}},"54":{"start":{"line":55,"column":0},"end":{"line":55,"column":18}},"55":{"start":{"line":56,"column":0},"end":{"line":56,"column":5}},"56":{"start":{"line":57,"column":0},"end":{"line":57,"column":3}},"61":{"start":{"line":62,"column":0},"end":{"line":62,"column":50}},"62":{"start":{"line":63,"column":0},"end":{"line":63,"column":18}},"63":{"start":{"line":64,"column":0},"end":{"line":64,"column":41}},"64":{"start":{"line":65,"column":0},"end":{"line":65,"column":24}},"65":{"start":{"line":66,"column":0},"end":{"line":66,"column":59}},"66":{"start":{"line":67,"column":0},"end":{"line":67,"column":44}},"67":{"start":{"line":68,"column":0},"end":{"line":68,"column":3}},"72":{"start":{"line":73,"column":0},"end":{"line":73,"column":43}},"73":{"start":{"line":74,"column":0},"end":{"line":74,"column":33}},"74":{"start":{"line":75,"column":0},"end":{"line":75,"column":3}},"79":{"start":{"line":80,"column":0},"end":{"line":80,"column":52}},"80":{"start":{"line":81,"column":0},"end":{"line":81,"column":64}},"81":{"start":{"line":82,"column":0},"end":{"line":82,"column":3}},"86":{"start":{"line":87,"column":0},"end":{"line":87,"column":73}},"87":{"start":{"line":88,"column":0},"end":{"line":88,"column":20}},"88":{"start":{"line":89,"column":0},"end":{"line":89,"column":35}},"89":{"start":{"line":90,"column":0},"end":{"line":90,"column":5}},"91":{"start":{"line":92,"column":0},"end":{"line":92,"column":9}},"92":{"start":{"line":93,"column":0},"end":{"line":93,"column":24}},"93":{"start":{"line":94,"column":0},"end":{"line":94,"column":64}},"94":{"start":{"line":95,"column":0},"end":{"line":95,"column":75}},"95":{"start":{"line":96,"column":0},"end":{"line":96,"column":21}},"96":{"start":{"line":97,"column":0},"end":{"line":97,"column":71}},"97":{"start":{"line":98,"column":0},"end":{"line":98,"column":41}},"98":{"start":{"line":99,"column":0},"end":{"line":99,"column":5}},"99":{"start":{"line":100,"column":0},"end":{"line":100,"column":3}},"100":{"start":{"line":101,"column":0},"end":{"line":101,"column":1}}},"s":{"0":1,"8":1,"15":1,"16":36,"17":36,"18":36,"19":36,"20":36,"21":36,"22":36,"27":1,"28":0,"30":0,"31":0,"32":0,"33":0,"34":0,"35":0,"36":0,"37":0,"42":1,"43":0,"44":0,"45":0,"46":0,"47":0,"48":0,"49":0,"50":0,"51":0,"52":0,"53":0,"54":0,"55":0,"56":0,"61":1,"62":0,"63":0,"64":0,"65":0,"66":0,"67":0,"72":1,"73":0,"74":0,"79":1,"80":0,"81":0,"86":1,"87":0,"88":0,"89":0,"91":0,"92":0,"93":0,"94":0,"95":0,"96":0,"97":0,"98":0,"99":0,"100":1},"branchMap":{"0":{"type":"branch","line":16,"loc":{"start":{"line":16,"column":2},"end":{"line":23,"column":3}},"locations":[{"start":{"line":16,"column":2},"end":{"line":23,"column":3}}]}},"b":{"0":[36]},"fnMap":{"0":{"name":"BigQueryBaseService","decl":{"start":{"line":16,"column":2},"end":{"line":23,"column":3}},"loc":{"start":{"line":16,"column":2},"end":{"line":23,"column":3}},"line":16},"1":{"name":"healthCheck","decl":{"start":{"line":28,"column":2},"end":{"line":38,"column":3}},"loc":{"start":{"line":28,"column":2},"end":{"line":38,"column":3}},"line":28},"2":{"name":"executeQuery","decl":{"start":{"line":43,"column":2},"end":{"line":57,"column":3}},"loc":{"start":{"line":43,"column":2},"end":{"line":57,"column":3}},"line":43},"3":{"name":"executeQuerySingle","decl":{"start":{"line":62,"column":2},"end":{"line":68,"column":3}},"loc":{"start":{"line":62,"column":2},"end":{"line":68,"column":3}},"line":62},"4":{"name":"getCurrentTimestamp","decl":{"start":{"line":73,"column":12},"end":{"line":75,"column":3}},"loc":{"start":{"line":73,"column":12},"end":{"line":75,"column":3}},"line":73},"5":{"name":"getTableRef","decl":{"start":{"line":80,"column":12},"end":{"line":82,"column":3}},"loc":{"start":{"line":80,"column":12},"end":{"line":82,"column":3}},"line":80},"6":{"name":"resolveCustomerId","decl":{"start":{"line":87,"column":2},"end":{"line":100,"column":3}},"loc":{"start":{"line":87,"column":2},"end":{"line":100,"column":3}},"line":87}},"f":{"0":36,"1":0,"2":0,"3":0,"4":0,"5":0,"6":0}},"/Users/brianokelley/conductor/activation-api/.conductor/list/src/services/brand-agent-service.ts":{"path":"/Users/brianokelley/conductor/activation-api/.conductor/list/src/services/brand-agent-service.ts","all":false,"statementMap":{"2":{"start":{"line":3,"column":0},"end":{"line":3,"column":70}},"8":{"start":{"line":9,"column":0},"end":{"line":9,"column":60}},"12":{"start":{"line":13,"column":0},"end":{"line":13,"column":68}},"13":{"start":{"line":14,"column":0},"end":{"line":14,"column":19}},"25":{"start":{"line":26,"column":0},"end":{"line":26,"column":38}},"26":{"start":{"line":27,"column":0},"end":{"line":27,"column":65}},"32":{"start":{"line":33,"column":0},"end":{"line":33,"column":66}},"33":{"start":{"line":34,"column":0},"end":{"line":34,"column":26}},"35":{"start":{"line":36,"column":0},"end":{"line":36,"column":52}},"36":{"start":{"line":37,"column":0},"end":{"line":37,"column":12}},"37":{"start":{"line":38,"column":0},"end":{"line":38,"column":67}},"38":{"start":{"line":39,"column":0},"end":{"line":39,"column":51}},"39":{"start":{"line":40,"column":0},"end":{"line":40,"column":13}},"40":{"start":{"line":41,"column":0},"end":{"line":41,"column":73}},"41":{"start":{"line":42,"column":0},"end":{"line":42,"column":47}},"42":{"start":{"line":43,"column":0},"end":{"line":43,"column":39}},"43":{"start":{"line":44,"column":0},"end":{"line":44,"column":38}},"44":{"start":{"line":45,"column":0},"end":{"line":45,"column":20}},"45":{"start":{"line":46,"column":0},"end":{"line":46,"column":49}},"46":{"start":{"line":47,"column":0},"end":{"line":47,"column":42}},"47":{"start":{"line":48,"column":0},"end":{"line":48,"column":13}},"48":{"start":{"line":49,"column":0},"end":{"line":49,"column":38}},"49":{"start":{"line":50,"column":0},"end":{"line":50,"column":38}},"50":{"start":{"line":51,"column":0},"end":{"line":51,"column":20}},"51":{"start":{"line":52,"column":0},"end":{"line":52,"column":30}},"52":{"start":{"line":53,"column":0},"end":{"line":53,"column":34}},"53":{"start":{"line":54,"column":0},"end":{"line":54,"column":74}},"54":{"start":{"line":55,"column":0},"end":{"line":55,"column":73}},"55":{"start":{"line":56,"column":0},"end":{"line":56,"column":6}},"56":{"start":{"line":57,"column":0},"end":{"line":57,"column":3}},"61":{"start":{"line":62,"column":0},"end":{"line":62,"column":69}},"62":{"start":{"line":63,"column":0},"end":{"line":63,"column":25}},"63":{"start":{"line":64,"column":0},"end":{"line":64,"column":47}},"65":{"start":{"line":66,"column":0},"end":{"line":66,"column":21}},"66":{"start":{"line":67,"column":0},"end":{"line":67,"column":56}},"67":{"start":{"line":68,"column":0},"end":{"line":68,"column":37}},"68":{"start":{"line":69,"column":0},"end":{"line":69,"column":5}},"70":{"start":{"line":71,"column":0},"end":{"line":71,"column":19}},"82":{"start":{"line":83,"column":0},"end":{"line":83,"column":38}},"83":{"start":{"line":84,"column":0},"end":{"line":84,"column":65}},"85":{"start":{"line":86,"column":0},"end":{"line":86,"column":20}},"89":{"start":{"line":90,"column":0},"end":{"line":90,"column":56}},"91":{"start":{"line":92,"column":0},"end":{"line":92,"column":42}},"92":{"start":{"line":93,"column":0},"end":{"line":93,"column":54}},"93":{"start":{"line":94,"column":0},"end":{"line":94,"column":14}},"94":{"start":{"line":95,"column":0},"end":{"line":95,"column":69}},"95":{"start":{"line":96,"column":0},"end":{"line":96,"column":53}},"96":{"start":{"line":97,"column":0},"end":{"line":97,"column":15}},"97":{"start":{"line":98,"column":0},"end":{"line":98,"column":75}},"98":{"start":{"line":99,"column":0},"end":{"line":99,"column":49}},"99":{"start":{"line":100,"column":0},"end":{"line":100,"column":41}},"100":{"start":{"line":101,"column":0},"end":{"line":101,"column":40}},"101":{"start":{"line":102,"column":0},"end":{"line":102,"column":22}},"102":{"start":{"line":103,"column":0},"end":{"line":103,"column":51}},"103":{"start":{"line":104,"column":0},"end":{"line":104,"column":44}},"104":{"start":{"line":105,"column":0},"end":{"line":105,"column":15}},"105":{"start":{"line":106,"column":0},"end":{"line":106,"column":40}},"106":{"start":{"line":107,"column":0},"end":{"line":107,"column":40}},"107":{"start":{"line":108,"column":0},"end":{"line":108,"column":22}},"108":{"start":{"line":109,"column":0},"end":{"line":109,"column":32}},"109":{"start":{"line":110,"column":0},"end":{"line":110,"column":36}},"110":{"start":{"line":111,"column":0},"end":{"line":111,"column":76}},"111":{"start":{"line":112,"column":0},"end":{"line":112,"column":75}},"112":{"start":{"line":113,"column":0},"end":{"line":113,"column":8}},"113":{"start":{"line":114,"column":0},"end":{"line":114,"column":7}},"114":{"start":{"line":115,"column":0},"end":{"line":115,"column":3}},"120":{"start":{"line":121,"column":0},"end":{"line":121,"column":28}},"121":{"start":{"line":122,"column":0},"end":{"line":122,"column":72}},"122":{"start":{"line":123,"column":0},"end":{"line":123,"column":23}},"123":{"start":{"line":124,"column":0},"end":{"line":124,"column":29}},"124":{"start":{"line":125,"column":0},"end":{"line":125,"column":24}},"126":{"start":{"line":127,"column":0},"end":{"line":127,"column":21}},"128":{"start":{"line":129,"column":0},"end":{"line":129,"column":40}},"133":{"start":{"line":134,"column":0},"end":{"line":134,"column":56}},"134":{"start":{"line":135,"column":0},"end":{"line":135,"column":31}},"135":{"start":{"line":136,"column":0},"end":{"line":136,"column":19}},"136":{"start":{"line":137,"column":0},"end":{"line":137,"column":9}},"138":{"start":{"line":139,"column":0},"end":{"line":139,"column":40}},"139":{"start":{"line":140,"column":0},"end":{"line":140,"column":5}},"142":{"start":{"line":143,"column":0},"end":{"line":143,"column":36}},"143":{"start":{"line":144,"column":0},"end":{"line":144,"column":59}},"145":{"start":{"line":146,"column":0},"end":{"line":146,"column":32}},"146":{"start":{"line":147,"column":0},"end":{"line":147,"column":55}},"147":{"start":{"line":148,"column":0},"end":{"line":148,"column":48}},"148":{"start":{"line":149,"column":0},"end":{"line":149,"column":5}},"150":{"start":{"line":151,"column":0},"end":{"line":151,"column":30}},"151":{"start":{"line":152,"column":0},"end":{"line":152,"column":50}},"152":{"start":{"line":153,"column":0},"end":{"line":153,"column":44}},"153":{"start":{"line":154,"column":0},"end":{"line":154,"column":5}},"155":{"start":{"line":156,"column":0},"end":{"line":156,"column":34}},"156":{"start":{"line":157,"column":0},"end":{"line":157,"column":50}},"157":{"start":{"line":158,"column":0},"end":{"line":158,"column":5}},"159":{"start":{"line":160,"column":0},"end":{"line":160,"column":19}},"161":{"start":{"line":162,"column":0},"end":{"line":162,"column":38}},"162":{"start":{"line":163,"column":0},"end":{"line":163,"column":66}},"164":{"start":{"line":165,"column":0},"end":{"line":165,"column":72}},"168":{"start":{"line":169,"column":0},"end":{"line":169,"column":61}},"169":{"start":{"line":170,"column":0},"end":{"line":170,"column":68}},"170":{"start":{"line":171,"column":0},"end":{"line":171,"column":3}},"175":{"start":{"line":176,"column":0},"end":{"line":176,"column":34}},"176":{"start":{"line":177,"column":0},"end":{"line":177,"column":20}},"177":{"start":{"line":178,"column":0},"end":{"line":178,"column":11}},"184":{"start":{"line":185,"column":0},"end":{"line":185,"column":20}},"185":{"start":{"line":186,"column":0},"end":{"line":186,"column":19}},"186":{"start":{"line":187,"column":0},"end":{"line":187,"column":61}},"195":{"start":{"line":196,"column":0},"end":{"line":196,"column":54}},"196":{"start":{"line":197,"column":0},"end":{"line":197,"column":53}},"206":{"start":{"line":207,"column":0},"end":{"line":207,"column":52}},"212":{"start":{"line":213,"column":0},"end":{"line":213,"column":36}},"213":{"start":{"line":214,"column":0},"end":{"line":214,"column":56}},"214":{"start":{"line":215,"column":0},"end":{"line":215,"column":14}},"215":{"start":{"line":216,"column":0},"end":{"line":216,"column":44}},"216":{"start":{"line":217,"column":0},"end":{"line":217,"column":38}},"217":{"start":{"line":218,"column":0},"end":{"line":218,"column":42}},"218":{"start":{"line":219,"column":0},"end":{"line":219,"column":38}},"219":{"start":{"line":220,"column":0},"end":{"line":220,"column":7}},"220":{"start":{"line":221,"column":0},"end":{"line":221,"column":3}},"221":{"start":{"line":222,"column":0},"end":{"line":222,"column":1}}},"s":{"2":1,"8":1,"12":1,"13":0,"25":0,"26":0,"32":0,"33":0,"35":0,"36":0,"37":0,"38":0,"39":0,"40":0,"41":0,"42":0,"43":0,"44":0,"45":0,"46":0,"47":0,"48":0,"49":0,"50":0,"51":0,"52":0,"53":0,"54":0,"55":0,"56":0,"61":1,"62":0,"63":0,"65":0,"66":0,"67":0,"68":0,"70":0,"82":0,"83":0,"85":0,"89":0,"91":0,"92":0,"93":0,"94":0,"95":0,"96":0,"97":0,"98":0,"99":0,"100":0,"101":0,"102":0,"103":0,"104":0,"105":0,"106":0,"107":0,"108":0,"109":0,"110":0,"111":0,"112":0,"113":0,"114":0,"120":1,"121":0,"122":0,"123":0,"124":0,"126":0,"128":0,"133":0,"134":0,"135":0,"136":0,"138":0,"139":0,"142":0,"143":0,"145":0,"146":0,"147":0,"148":0,"150":0,"151":0,"152":0,"153":0,"155":0,"156":0,"157":0,"159":0,"161":0,"162":0,"164":0,"168":0,"169":0,"170":0,"175":1,"176":0,"177":0,"184":0,"185":0,"186":0,"195":0,"196":0,"206":0,"212":0,"213":0,"214":0,"215":0,"216":0,"217":0,"218":0,"219":0,"220":0,"221":1},"branchMap":{},"b":{},"fnMap":{"0":{"name":"getBrandAgent","decl":{"start":{"line":13,"column":2},"end":{"line":57,"column":3}},"loc":{"start":{"line":13,"column":2},"end":{"line":57,"column":3}},"line":13},"1":{"name":"listBrandAgents","decl":{"start":{"line":62,"column":2},"end":{"line":115,"column":3}},"loc":{"start":{"line":62,"column":2},"end":{"line":115,"column":3}},"line":62},"2":{"name":"resolveBrandAgentId","decl":{"start":{"line":121,"column":2},"end":{"line":171,"column":3}},"loc":{"start":{"line":121,"column":2},"end":{"line":171,"column":3}},"line":121},"3":{"name":"upsertBrandAgentExtension","decl":{"start":{"line":176,"column":2},"end":{"line":221,"column":3}},"loc":{"start":{"line":176,"column":2},"end":{"line":221,"column":3}},"line":176}},"f":{"0":0,"1":0,"2":0,"3":0}},"/Users/brianokelley/conductor/activation-api/.conductor/list/src/services/creative-service.ts":{"path":"/Users/brianokelley/conductor/activation-api/.conductor/list/src/services/creative-service.ts","all":false,"statementMap":{"2":{"start":{"line":3,"column":0},"end":{"line":3,"column":70}},"8":{"start":{"line":9,"column":0},"end":{"line":9,"column":58}},"12":{"start":{"line":13,"column":0},"end":{"line":13,"column":30}},"18":{"start":{"line":19,"column":0},"end":{"line":19,"column":23}},"19":{"start":{"line":20,"column":0},"end":{"line":20,"column":81}},"21":{"start":{"line":22,"column":0},"end":{"line":22,"column":19}},"22":{"start":{"line":23,"column":0},"end":{"line":23,"column":52}},"27":{"start":{"line":28,"column":0},"end":{"line":28,"column":95}},"31":{"start":{"line":32,"column":0},"end":{"line":32,"column":36}},"32":{"start":{"line":33,"column":0},"end":{"line":33,"column":38}},"33":{"start":{"line":34,"column":0},"end":{"line":34,"column":44}},"34":{"start":{"line":35,"column":0},"end":{"line":35,"column":60}},"35":{"start":{"line":36,"column":0},"end":{"line":36,"column":17}},"36":{"start":{"line":37,"column":0},"end":{"line":37,"column":26}},"37":{"start":{"line":38,"column":0},"end":{"line":38,"column":41}},"38":{"start":{"line":39,"column":0},"end":{"line":39,"column":45}},"39":{"start":{"line":40,"column":0},"end":{"line":40,"column":15}},"40":{"start":{"line":41,"column":0},"end":{"line":41,"column":7}},"42":{"start":{"line":43,"column":0},"end":{"line":43,"column":22}},"43":{"start":{"line":44,"column":0},"end":{"line":44,"column":3}},"48":{"start":{"line":49,"column":0},"end":{"line":49,"column":20}},"49":{"start":{"line":50,"column":0},"end":{"line":50,"column":23}},"50":{"start":{"line":51,"column":0},"end":{"line":51,"column":26}},"51":{"start":{"line":52,"column":0},"end":{"line":52,"column":22}},"52":{"start":{"line":53,"column":0},"end":{"line":53,"column":31}},"53":{"start":{"line":54,"column":0},"end":{"line":54,"column":62}},"55":{"start":{"line":56,"column":0},"end":{"line":56,"column":19}},"57":{"start":{"line":58,"column":0},"end":{"line":58,"column":45}},"58":{"start":{"line":59,"column":0},"end":{"line":59,"column":78}},"65":{"start":{"line":66,"column":0},"end":{"line":66,"column":54}},"66":{"start":{"line":67,"column":0},"end":{"line":67,"column":41}},"67":{"start":{"line":68,"column":0},"end":{"line":68,"column":17}},"68":{"start":{"line":69,"column":0},"end":{"line":69,"column":17}},"69":{"start":{"line":70,"column":0},"end":{"line":70,"column":7}},"71":{"start":{"line":72,"column":0},"end":{"line":72,"column":76}},"72":{"start":{"line":73,"column":0},"end":{"line":73,"column":3}},"77":{"start":{"line":78,"column":0},"end":{"line":78,"column":36}},"78":{"start":{"line":79,"column":0},"end":{"line":79,"column":25}},"79":{"start":{"line":80,"column":0},"end":{"line":80,"column":38}},"80":{"start":{"line":81,"column":0},"end":{"line":81,"column":19}},"84":{"start":{"line":85,"column":0},"end":{"line":85,"column":55}},"85":{"start":{"line":86,"column":0},"end":{"line":86,"column":76}},"91":{"start":{"line":92,"column":0},"end":{"line":92,"column":66}},"93":{"start":{"line":94,"column":0},"end":{"line":94,"column":46}},"94":{"start":{"line":95,"column":0},"end":{"line":95,"column":29}},"95":{"start":{"line":96,"column":0},"end":{"line":96,"column":54}},"96":{"start":{"line":97,"column":0},"end":{"line":97,"column":79}},"97":{"start":{"line":98,"column":0},"end":{"line":98,"column":5}},"99":{"start":{"line":100,"column":0},"end":{"line":100,"column":18}},"100":{"start":{"line":101,"column":0},"end":{"line":101,"column":3}},"105":{"start":{"line":106,"column":0},"end":{"line":106,"column":22}},"106":{"start":{"line":107,"column":0},"end":{"line":107,"column":25}},"107":{"start":{"line":108,"column":0},"end":{"line":108,"column":20}},"108":{"start":{"line":109,"column":0},"end":{"line":109,"column":22}},"109":{"start":{"line":110,"column":0},"end":{"line":110,"column":26}},"110":{"start":{"line":111,"column":0},"end":{"line":111,"column":62}},"112":{"start":{"line":113,"column":0},"end":{"line":113,"column":23}},"116":{"start":{"line":117,"column":0},"end":{"line":117,"column":73}},"118":{"start":{"line":119,"column":0},"end":{"line":119,"column":17}},"119":{"start":{"line":120,"column":0},"end":{"line":120,"column":47}},"120":{"start":{"line":121,"column":0},"end":{"line":121,"column":29}},"121":{"start":{"line":122,"column":0},"end":{"line":122,"column":5}},"123":{"start":{"line":124,"column":0},"end":{"line":124,"column":19}},"125":{"start":{"line":126,"column":0},"end":{"line":126,"column":45}},"126":{"start":{"line":127,"column":0},"end":{"line":127,"column":78}},"127":{"start":{"line":128,"column":0},"end":{"line":128,"column":20}},"131":{"start":{"line":132,"column":0},"end":{"line":132,"column":56}},"132":{"start":{"line":133,"column":0},"end":{"line":133,"column":28}},"133":{"start":{"line":134,"column":0},"end":{"line":134,"column":58}},"134":{"start":{"line":135,"column":0},"end":{"line":135,"column":6}},"135":{"start":{"line":136,"column":0},"end":{"line":136,"column":3}},"140":{"start":{"line":141,"column":0},"end":{"line":141,"column":23}},"141":{"start":{"line":142,"column":0},"end":{"line":142,"column":23}},"142":{"start":{"line":143,"column":0},"end":{"line":143,"column":14}},"147":{"start":{"line":148,"column":0},"end":{"line":148,"column":22}},"148":{"start":{"line":149,"column":0},"end":{"line":149,"column":20}},"150":{"start":{"line":151,"column":0},"end":{"line":151,"column":52}},"151":{"start":{"line":152,"column":0},"end":{"line":152,"column":17}},"152":{"start":{"line":153,"column":0},"end":{"line":153,"column":16}},"153":{"start":{"line":154,"column":0},"end":{"line":154,"column":15}},"154":{"start":{"line":155,"column":0},"end":{"line":155,"column":6}},"155":{"start":{"line":156,"column":0},"end":{"line":156,"column":28}},"156":{"start":{"line":157,"column":0},"end":{"line":157,"column":61}},"157":{"start":{"line":158,"column":0},"end":{"line":158,"column":5}},"159":{"start":{"line":160,"column":0},"end":{"line":160,"column":32}},"160":{"start":{"line":161,"column":0},"end":{"line":161,"column":59}},"161":{"start":{"line":162,"column":0},"end":{"line":162,"column":6}},"162":{"start":{"line":163,"column":0},"end":{"line":163,"column":59}},"164":{"start":{"line":165,"column":0},"end":{"line":165,"column":40}},"165":{"start":{"line":166,"column":0},"end":{"line":166,"column":42}},"166":{"start":{"line":167,"column":0},"end":{"line":167,"column":55}},"167":{"start":{"line":168,"column":0},"end":{"line":168,"column":5}},"169":{"start":{"line":170,"column":0},"end":{"line":170,"column":52}},"170":{"start":{"line":171,"column":0},"end":{"line":171,"column":67}},"171":{"start":{"line":172,"column":0},"end":{"line":172,"column":63}},"172":{"start":{"line":173,"column":0},"end":{"line":173,"column":5}},"174":{"start":{"line":175,"column":0},"end":{"line":175,"column":47}},"175":{"start":{"line":176,"column":0},"end":{"line":176,"column":57}},"176":{"start":{"line":177,"column":0},"end":{"line":177,"column":69}},"177":{"start":{"line":178,"column":0},"end":{"line":178,"column":5}},"179":{"start":{"line":180,"column":0},"end":{"line":180,"column":32}},"181":{"start":{"line":182,"column":0},"end":{"line":182,"column":13}},"182":{"start":{"line":183,"column":0},"end":{"line":183,"column":5}},"184":{"start":{"line":185,"column":0},"end":{"line":185,"column":19}},"185":{"start":{"line":186,"column":0},"end":{"line":186,"column":45}},"186":{"start":{"line":187,"column":0},"end":{"line":187,"column":32}},"190":{"start":{"line":191,"column":0},"end":{"line":191,"column":43}},"191":{"start":{"line":192,"column":0},"end":{"line":192,"column":3}},"196":{"start":{"line":197,"column":0},"end":{"line":197,"column":66}},"197":{"start":{"line":198,"column":0},"end":{"line":198,"column":38}},"198":{"start":{"line":199,"column":0},"end":{"line":199,"column":43}},"199":{"start":{"line":200,"column":0},"end":{"line":200,"column":41}},"201":{"start":{"line":202,"column":0},"end":{"line":202,"column":9}},"202":{"start":{"line":203,"column":0},"end":{"line":203,"column":24}},"203":{"start":{"line":204,"column":0},"end":{"line":204,"column":17}},"204":{"start":{"line":205,"column":0},"end":{"line":205,"column":41}},"205":{"start":{"line":206,"column":0},"end":{"line":206,"column":37}},"206":{"start":{"line":207,"column":0},"end":{"line":207,"column":55}},"207":{"start":{"line":208,"column":0},"end":{"line":208,"column":7}},"208":{"start":{"line":209,"column":0},"end":{"line":209,"column":21}},"209":{"start":{"line":210,"column":0},"end":{"line":210,"column":63}},"210":{"start":{"line":211,"column":0},"end":{"line":211,"column":5}},"212":{"start":{"line":213,"column":0},"end":{"line":213,"column":9}},"213":{"start":{"line":214,"column":0},"end":{"line":214,"column":32}},"214":{"start":{"line":215,"column":0},"end":{"line":215,"column":22}},"215":{"start":{"line":216,"column":0},"end":{"line":216,"column":49}},"216":{"start":{"line":217,"column":0},"end":{"line":217,"column":45}},"217":{"start":{"line":218,"column":0},"end":{"line":218,"column":63}},"219":{"start":{"line":220,"column":0},"end":{"line":220,"column":24}},"220":{"start":{"line":221,"column":0},"end":{"line":221,"column":79}},"221":{"start":{"line":222,"column":0},"end":{"line":222,"column":7}},"222":{"start":{"line":223,"column":0},"end":{"line":223,"column":21}},"223":{"start":{"line":224,"column":0},"end":{"line":224,"column":71}},"224":{"start":{"line":225,"column":0},"end":{"line":225,"column":5}},"226":{"start":{"line":227,"column":0},"end":{"line":227,"column":9}},"227":{"start":{"line":228,"column":0},"end":{"line":228,"column":35}},"228":{"start":{"line":229,"column":0},"end":{"line":229,"column":65}},"229":{"start":{"line":230,"column":0},"end":{"line":230,"column":48}},"230":{"start":{"line":231,"column":0},"end":{"line":231,"column":15}},"231":{"start":{"line":232,"column":0},"end":{"line":232,"column":7}},"232":{"start":{"line":233,"column":0},"end":{"line":233,"column":21}},"233":{"start":{"line":234,"column":0},"end":{"line":234,"column":74}},"234":{"start":{"line":235,"column":0},"end":{"line":235,"column":5}},"236":{"start":{"line":237,"column":0},"end":{"line":237,"column":12}},"237":{"start":{"line":238,"column":0},"end":{"line":238,"column":79}},"238":{"start":{"line":239,"column":0},"end":{"line":239,"column":63}},"239":{"start":{"line":240,"column":0},"end":{"line":240,"column":47}},"240":{"start":{"line":241,"column":0},"end":{"line":241,"column":64}},"241":{"start":{"line":242,"column":0},"end":{"line":242,"column":14}},"242":{"start":{"line":243,"column":0},"end":{"line":243,"column":24}},"243":{"start":{"line":244,"column":0},"end":{"line":244,"column":63}},"244":{"start":{"line":245,"column":0},"end":{"line":245,"column":28}},"245":{"start":{"line":246,"column":0},"end":{"line":246,"column":51}},"246":{"start":{"line":247,"column":0},"end":{"line":247,"column":22}},"247":{"start":{"line":248,"column":0},"end":{"line":248,"column":51}},"248":{"start":{"line":249,"column":0},"end":{"line":249,"column":42}},"249":{"start":{"line":250,"column":0},"end":{"line":250,"column":20}},"250":{"start":{"line":251,"column":0},"end":{"line":251,"column":33}},"251":{"start":{"line":252,"column":0},"end":{"line":252,"column":27}},"252":{"start":{"line":253,"column":0},"end":{"line":253,"column":62}},"253":{"start":{"line":254,"column":0},"end":{"line":254,"column":8}},"254":{"start":{"line":255,"column":0},"end":{"line":255,"column":42}},"255":{"start":{"line":256,"column":0},"end":{"line":256,"column":15}},"256":{"start":{"line":257,"column":0},"end":{"line":257,"column":37}},"257":{"start":{"line":258,"column":0},"end":{"line":258,"column":70}},"258":{"start":{"line":259,"column":0},"end":{"line":259,"column":8}},"259":{"start":{"line":260,"column":0},"end":{"line":260,"column":68}},"260":{"start":{"line":261,"column":0},"end":{"line":261,"column":33}},"261":{"start":{"line":262,"column":0},"end":{"line":262,"column":57}},"262":{"start":{"line":263,"column":0},"end":{"line":263,"column":22}},"263":{"start":{"line":264,"column":0},"end":{"line":264,"column":47}},"270":{"start":{"line":271,"column":0},"end":{"line":271,"column":21}},"271":{"start":{"line":272,"column":0},"end":{"line":272,"column":40}},"272":{"start":{"line":273,"column":0},"end":{"line":273,"column":6}},"273":{"start":{"line":274,"column":0},"end":{"line":274,"column":3}},"274":{"start":{"line":275,"column":0},"end":{"line":275,"column":1}}},"s":{"2":1,"8":1,"12":1,"18":0,"19":0,"21":0,"22":0,"27":0,"31":0,"32":0,"33":0,"34":0,"35":0,"36":0,"37":0,"38":0,"39":0,"40":0,"42":0,"43":0,"48":1,"49":0,"50":0,"51":0,"52":0,"53":0,"55":0,"57":0,"58":0,"65":0,"66":0,"67":0,"68":0,"69":0,"71":0,"72":0,"77":1,"78":0,"79":0,"80":0,"84":0,"85":0,"91":0,"93":0,"94":0,"95":0,"96":0,"97":0,"99":0,"100":0,"105":1,"106":0,"107":0,"108":0,"109":0,"110":0,"112":0,"116":0,"118":0,"119":0,"120":0,"121":0,"123":0,"125":0,"126":0,"127":0,"131":0,"132":0,"133":0,"134":0,"135":0,"140":1,"141":0,"142":0,"147":0,"148":0,"150":0,"151":0,"152":0,"153":0,"154":0,"155":0,"156":0,"157":0,"159":0,"160":0,"161":0,"162":0,"164":0,"165":0,"166":0,"167":0,"169":0,"170":0,"171":0,"172":0,"174":0,"175":0,"176":0,"177":0,"179":0,"181":0,"182":0,"184":0,"185":0,"186":0,"190":0,"191":0,"196":1,"197":0,"198":0,"199":0,"201":0,"202":0,"203":0,"204":0,"205":0,"206":0,"207":0,"208":0,"209":0,"210":0,"212":0,"213":0,"214":0,"215":0,"216":0,"217":0,"219":0,"220":0,"221":0,"222":0,"223":0,"224":0,"226":0,"227":0,"228":0,"229":0,"230":0,"231":0,"232":0,"233":0,"234":0,"236":0,"237":0,"238":0,"239":0,"240":0,"241":0,"242":0,"243":0,"244":0,"245":0,"246":0,"247":0,"248":0,"249":0,"250":0,"251":0,"252":0,"253":0,"254":0,"255":0,"256":0,"257":0,"258":0,"259":0,"260":0,"261":0,"262":0,"263":0,"270":0,"271":0,"272":0,"273":0,"274":1},"branchMap":{},"b":{},"fnMap":{"0":{"name":"createCreative","decl":{"start":{"line":13,"column":2},"end":{"line":44,"column":3}},"loc":{"start":{"line":13,"column":2},"end":{"line":44,"column":3}},"line":13},"1":{"name":"getCreative","decl":{"start":{"line":49,"column":2},"end":{"line":73,"column":3}},"loc":{"start":{"line":49,"column":2},"end":{"line":73,"column":3}},"line":49},"2":{"name":"getCreativeAssignmentCounts","decl":{"start":{"line":78,"column":2},"end":{"line":101,"column":3}},"loc":{"start":{"line":78,"column":2},"end":{"line":101,"column":3}},"line":78},"3":{"name":"listCreatives","decl":{"start":{"line":106,"column":2},"end":{"line":136,"column":3}},"loc":{"start":{"line":106,"column":2},"end":{"line":136,"column":3}},"line":106},"4":{"name":"updateCreative","decl":{"start":{"line":141,"column":2},"end":{"line":192,"column":3}},"loc":{"start":{"line":141,"column":2},"end":{"line":192,"column":3}},"line":141},"5":{"name":"mapCreativeRow","decl":{"start":{"line":197,"column":10},"end":{"line":274,"column":3}},"loc":{"start":{"line":197,"column":10},"end":{"line":274,"column":3}},"line":197}},"f":{"0":0,"1":0,"2":0,"3":0,"4":0,"5":0}},"/Users/brianokelley/conductor/activation-api/.conductor/list/src/tools/signals/get-partner-seats.ts":{"path":"/Users/brianokelley/conductor/activation-api/.conductor/list/src/tools/signals/get-partner-seats.ts","all":false,"statementMap":{"0":{"start":{"line":1,"column":0},"end":{"line":1,"column":24}},"5":{"start":{"line":6,"column":0},"end":{"line":6,"column":78}},"6":{"start":{"line":7,"column":0},"end":{"line":7,"column":8}},"12":{"start":{"line":13,"column":0},"end":{"line":13,"column":66}},"13":{"start":{"line":14,"column":0},"end":{"line":14,"column":16}},"14":{"start":{"line":15,"column":0},"end":{"line":15,"column":24}},"15":{"start":{"line":16,"column":0},"end":{"line":16,"column":23}},"16":{"start":{"line":17,"column":0},"end":{"line":17,"column":23}},"17":{"start":{"line":18,"column":0},"end":{"line":18,"column":31}},"18":{"start":{"line":19,"column":0},"end":{"line":19,"column":4}},"19":{"start":{"line":20,"column":0},"end":{"line":20,"column":80}},"20":{"start":{"line":21,"column":0},"end":{"line":21,"column":18}},"21":{"start":{"line":22,"column":0},"end":{"line":22,"column":34}},"22":{"start":{"line":23,"column":0},"end":{"line":23,"column":35}},"23":{"start":{"line":24,"column":0},"end":{"line":24,"column":25}},"25":{"start":{"line":26,"column":0},"end":{"line":26,"column":47}},"27":{"start":{"line":28,"column":0},"end":{"line":28,"column":18}},"28":{"start":{"line":29,"column":0},"end":{"line":29,"column":42}},"29":{"start":{"line":30,"column":0},"end":{"line":30,"column":5}},"31":{"start":{"line":32,"column":0},"end":{"line":32,"column":18}},"32":{"start":{"line":33,"column":0},"end":{"line":33,"column":39}},"33":{"start":{"line":34,"column":0},"end":{"line":34,"column":5}},"35":{"start":{"line":36,"column":0},"end":{"line":36,"column":9}},"36":{"start":{"line":37,"column":0},"end":{"line":37,"column":60}},"37":{"start":{"line":38,"column":0},"end":{"line":38,"column":78}},"39":{"start":{"line":40,"column":0},"end":{"line":40,"column":75}},"40":{"start":{"line":41,"column":0},"end":{"line":41,"column":27}},"41":{"start":{"line":42,"column":0},"end":{"line":42,"column":13}},"42":{"start":{"line":43,"column":0},"end":{"line":43,"column":19}},"43":{"start":{"line":44,"column":0},"end":{"line":44,"column":80}},"44":{"start":{"line":45,"column":0},"end":{"line":45,"column":9}},"45":{"start":{"line":46,"column":0},"end":{"line":46,"column":20}},"47":{"start":{"line":48,"column":0},"end":{"line":48,"column":56}},"48":{"start":{"line":49,"column":0},"end":{"line":49,"column":38}},"49":{"start":{"line":50,"column":0},"end":{"line":50,"column":29}},"50":{"start":{"line":51,"column":0},"end":{"line":51,"column":59}},"51":{"start":{"line":52,"column":0},"end":{"line":52,"column":100}},"52":{"start":{"line":53,"column":0},"end":{"line":53,"column":14}},"53":{"start":{"line":54,"column":0},"end":{"line":54,"column":76}},"54":{"start":{"line":55,"column":0},"end":{"line":55,"column":7}},"56":{"start":{"line":57,"column":0},"end":{"line":57,"column":32}},"57":{"start":{"line":58,"column":0},"end":{"line":58,"column":16}},"58":{"start":{"line":59,"column":0},"end":{"line":59,"column":22}},"59":{"start":{"line":60,"column":0},"end":{"line":60,"column":9}},"60":{"start":{"line":61,"column":0},"end":{"line":61,"column":21}},"61":{"start":{"line":62,"column":0},"end":{"line":62,"column":71}},"62":{"start":{"line":63,"column":0},"end":{"line":63,"column":5}},"63":{"start":{"line":64,"column":0},"end":{"line":64,"column":4}},"64":{"start":{"line":65,"column":0},"end":{"line":65,"column":36}},"65":{"start":{"line":66,"column":0},"end":{"line":66,"column":27}},"66":{"start":{"line":67,"column":0},"end":{"line":67,"column":3}}},"s":{"0":1,"5":1,"6":1,"12":1,"13":5,"14":5,"15":5,"16":5,"17":5,"18":5,"19":5,"20":5,"21":5,"22":5,"23":5,"25":5,"27":5,"28":2,"29":2,"31":5,"32":1,"33":1,"35":4,"36":4,"37":4,"39":3,"40":3,"41":3,"42":3,"43":2,"44":3,"45":3,"47":3,"48":3,"49":5,"50":1,"51":1,"52":5,"53":2,"54":2,"56":3,"57":3,"58":3,"59":3,"60":5,"61":1,"62":1,"63":5,"64":5,"65":5,"66":5},"branchMap":{"0":{"type":"branch","line":13,"loc":{"start":{"line":13,"column":35},"end":{"line":67,"column":3}},"locations":[{"start":{"line":13,"column":35},"end":{"line":67,"column":3}}]},"1":{"type":"branch","line":21,"loc":{"start":{"line":21,"column":11},"end":{"line":64,"column":4}},"locations":[{"start":{"line":21,"column":11},"end":{"line":64,"column":4}}]},"2":{"type":"branch","line":26,"loc":{"start":{"line":26,"column":25},"end":{"line":26,"column":47}},"locations":[{"start":{"line":26,"column":25},"end":{"line":26,"column":47}}]},"3":{"type":"branch","line":28,"loc":{"start":{"line":28,"column":17},"end":{"line":30,"column":5}},"locations":[{"start":{"line":28,"column":17},"end":{"line":30,"column":5}}]},"4":{"type":"branch","line":32,"loc":{"start":{"line":32,"column":17},"end":{"line":34,"column":5}},"locations":[{"start":{"line":32,"column":17},"end":{"line":34,"column":5}}]},"5":{"type":"branch","line":34,"loc":{"start":{"line":34,"column":4},"end":{"line":38,"column":78}},"locations":[{"start":{"line":34,"column":4},"end":{"line":38,"column":78}}]},"6":{"type":"branch","line":38,"loc":{"start":{"line":38,"column":76},"end":{"line":50,"column":28}},"locations":[{"start":{"line":38,"column":76},"end":{"line":50,"column":28}}]},"7":{"type":"branch","line":50,"loc":{"start":{"line":50,"column":28},"end":{"line":53,"column":13}},"locations":[{"start":{"line":50,"column":28},"end":{"line":53,"column":13}}]},"8":{"type":"branch","line":53,"loc":{"start":{"line":53,"column":6},"end":{"line":55,"column":7}},"locations":[{"start":{"line":53,"column":6},"end":{"line":55,"column":7}}]},"9":{"type":"branch","line":55,"loc":{"start":{"line":55,"column":6},"end":{"line":61,"column":13}},"locations":[{"start":{"line":55,"column":6},"end":{"line":61,"column":13}}]},"10":{"type":"branch","line":61,"loc":{"start":{"line":61,"column":4},"end":{"line":63,"column":5}},"locations":[{"start":{"line":61,"column":4},"end":{"line":63,"column":5}}]},"11":{"type":"branch","line":43,"loc":{"start":{"line":43,"column":10},"end":{"line":44,"column":80}},"locations":[{"start":{"line":43,"column":10},"end":{"line":44,"column":80}}]}},"b":{"0":[5],"1":[5],"2":[3],"3":[2],"4":[1],"5":[4],"6":[3],"7":[1],"8":[2],"9":[3],"10":[1],"11":[2]},"fnMap":{"0":{"name":"getPartnerSeatsTool","decl":{"start":{"line":13,"column":35},"end":{"line":67,"column":3}},"loc":{"start":{"line":13,"column":35},"end":{"line":67,"column":3}},"line":13},"1":{"name":"execute","decl":{"start":{"line":21,"column":11},"end":{"line":64,"column":4}},"loc":{"start":{"line":21,"column":11},"end":{"line":64,"column":4}},"line":21}},"f":{"0":5,"1":5}},"/Users/brianokelley/conductor/activation-api/.conductor/list/src/tools/signals/list.ts":{"path":"/Users/brianokelley/conductor/activation-api/.conductor/list/src/tools/signals/list.ts","all":false,"statementMap":{"0":{"start":{"line":1,"column":0},"end":{"line":1,"column":24}},"8":{"start":{"line":9,"column":0},"end":{"line":9,"column":78}},"9":{"start":{"line":10,"column":0},"end":{"line":10,"column":8}},"15":{"start":{"line":16,"column":0},"end":{"line":16,"column":68}},"16":{"start":{"line":17,"column":0},"end":{"line":17,"column":16}},"17":{"start":{"line":18,"column":0},"end":{"line":18,"column":24}},"18":{"start":{"line":19,"column":0},"end":{"line":19,"column":23}},"19":{"start":{"line":20,"column":0},"end":{"line":20,"column":24}},"20":{"start":{"line":21,"column":0},"end":{"line":21,"column":23}},"21":{"start":{"line":22,"column":0},"end":{"line":22,"column":33}},"22":{"start":{"line":23,"column":0},"end":{"line":23,"column":4}},"24":{"start":{"line":25,"column":0},"end":{"line":25,"column":14}},"25":{"start":{"line":26,"column":0},"end":{"line":26,"column":269}},"27":{"start":{"line":28,"column":0},"end":{"line":28,"column":18}},"28":{"start":{"line":29,"column":0},"end":{"line":29,"column":34}},"29":{"start":{"line":30,"column":0},"end":{"line":30,"column":35}},"30":{"start":{"line":31,"column":0},"end":{"line":31,"column":25}},"32":{"start":{"line":33,"column":0},"end":{"line":33,"column":47}},"34":{"start":{"line":35,"column":0},"end":{"line":35,"column":18}},"35":{"start":{"line":36,"column":0},"end":{"line":36,"column":42}},"36":{"start":{"line":37,"column":0},"end":{"line":37,"column":5}},"38":{"start":{"line":39,"column":0},"end":{"line":39,"column":18}},"39":{"start":{"line":40,"column":0},"end":{"line":40,"column":39}},"40":{"start":{"line":41,"column":0},"end":{"line":41,"column":5}},"42":{"start":{"line":43,"column":0},"end":{"line":43,"column":9}},"44":{"start":{"line":45,"column":0},"end":{"line":45,"column":17}},"45":{"start":{"line":46,"column":0},"end":{"line":46,"column":38}},"47":{"start":{"line":48,"column":0},"end":{"line":48,"column":62}},"48":{"start":{"line":49,"column":0},"end":{"line":49,"column":26}},"49":{"start":{"line":50,"column":0},"end":{"line":50,"column":68}},"50":{"start":{"line":51,"column":0},"end":{"line":51,"column":19}},"51":{"start":{"line":52,"column":0},"end":{"line":52,"column":19}},"52":{"start":{"line":53,"column":0},"end":{"line":53,"column":13}},"53":{"start":{"line":54,"column":0},"end":{"line":54,"column":36}},"54":{"start":{"line":55,"column":0},"end":{"line":55,"column":34}},"55":{"start":{"line":56,"column":0},"end":{"line":56,"column":34}},"56":{"start":{"line":57,"column":0},"end":{"line":57,"column":14}},"57":{"start":{"line":58,"column":0},"end":{"line":58,"column":12}},"60":{"start":{"line":61,"column":0},"end":{"line":61,"column":18}},"61":{"start":{"line":62,"column":0},"end":{"line":62,"column":56}},"63":{"start":{"line":64,"column":0},"end":{"line":64,"column":76}},"64":{"start":{"line":65,"column":0},"end":{"line":65,"column":38}},"65":{"start":{"line":66,"column":0},"end":{"line":66,"column":40}},"66":{"start":{"line":67,"column":0},"end":{"line":67,"column":44}},"67":{"start":{"line":68,"column":0},"end":{"line":68,"column":26}},"68":{"start":{"line":69,"column":0},"end":{"line":69,"column":28}},"69":{"start":{"line":70,"column":0},"end":{"line":70,"column":30}},"70":{"start":{"line":71,"column":0},"end":{"line":71,"column":40}},"71":{"start":{"line":72,"column":0},"end":{"line":72,"column":14}},"72":{"start":{"line":73,"column":0},"end":{"line":73,"column":34}},"73":{"start":{"line":74,"column":0},"end":{"line":74,"column":10}},"74":{"start":{"line":75,"column":0},"end":{"line":75,"column":14}},"76":{"start":{"line":77,"column":0},"end":{"line":77,"column":57}},"77":{"start":{"line":78,"column":0},"end":{"line":78,"column":32}},"78":{"start":{"line":79,"column":0},"end":{"line":79,"column":30}},"79":{"start":{"line":80,"column":0},"end":{"line":80,"column":11}},"80":{"start":{"line":81,"column":0},"end":{"line":81,"column":7}},"82":{"start":{"line":83,"column":0},"end":{"line":83,"column":40}},"83":{"start":{"line":84,"column":0},"end":{"line":84,"column":59}},"84":{"start":{"line":85,"column":0},"end":{"line":85,"column":42}},"85":{"start":{"line":86,"column":0},"end":{"line":86,"column":46}},"86":{"start":{"line":87,"column":0},"end":{"line":87,"column":71}},"87":{"start":{"line":88,"column":0},"end":{"line":88,"column":74}},"88":{"start":{"line":89,"column":0},"end":{"line":89,"column":105}},"89":{"start":{"line":90,"column":0},"end":{"line":90,"column":9}},"90":{"start":{"line":91,"column":0},"end":{"line":91,"column":44}},"91":{"start":{"line":92,"column":0},"end":{"line":92,"column":87}},"92":{"start":{"line":93,"column":0},"end":{"line":93,"column":76}},"93":{"start":{"line":94,"column":0},"end":{"line":94,"column":88}},"95":{"start":{"line":96,"column":0},"end":{"line":96,"column":23}},"96":{"start":{"line":97,"column":0},"end":{"line":97,"column":7}},"98":{"start":{"line":99,"column":0},"end":{"line":99,"column":57}},"99":{"start":{"line":100,"column":0},"end":{"line":100,"column":56}},"101":{"start":{"line":102,"column":0},"end":{"line":102,"column":55}},"102":{"start":{"line":103,"column":0},"end":{"line":103,"column":44}},"103":{"start":{"line":104,"column":0},"end":{"line":104,"column":67}},"104":{"start":{"line":105,"column":0},"end":{"line":105,"column":69}},"105":{"start":{"line":106,"column":0},"end":{"line":106,"column":72}},"106":{"start":{"line":107,"column":0},"end":{"line":107,"column":7}},"107":{"start":{"line":108,"column":0},"end":{"line":108,"column":22}},"110":{"start":{"line":111,"column":0},"end":{"line":111,"column":53}},"111":{"start":{"line":112,"column":0},"end":{"line":112,"column":26}},"112":{"start":{"line":113,"column":0},"end":{"line":113,"column":50}},"113":{"start":{"line":114,"column":0},"end":{"line":114,"column":30}},"114":{"start":{"line":115,"column":0},"end":{"line":115,"column":28}},"115":{"start":{"line":116,"column":0},"end":{"line":116,"column":47}},"116":{"start":{"line":117,"column":0},"end":{"line":117,"column":36}},"117":{"start":{"line":118,"column":0},"end":{"line":118,"column":21}},"118":{"start":{"line":119,"column":0},"end":{"line":119,"column":10}},"119":{"start":{"line":120,"column":0},"end":{"line":120,"column":52}},"120":{"start":{"line":121,"column":0},"end":{"line":121,"column":8}},"122":{"start":{"line":123,"column":0},"end":{"line":123,"column":72}},"123":{"start":{"line":124,"column":0},"end":{"line":124,"column":39}},"125":{"start":{"line":126,"column":0},"end":{"line":126,"column":37}},"126":{"start":{"line":127,"column":0},"end":{"line":127,"column":44}},"127":{"start":{"line":128,"column":0},"end":{"line":128,"column":48}},"128":{"start":{"line":129,"column":0},"end":{"line":129,"column":55}},"129":{"start":{"line":130,"column":0},"end":{"line":130,"column":66}},"132":{"start":{"line":133,"column":0},"end":{"line":133,"column":62}},"133":{"start":{"line":134,"column":0},"end":{"line":134,"column":79}},"137":{"start":{"line":138,"column":0},"end":{"line":138,"column":81}},"138":{"start":{"line":139,"column":0},"end":{"line":139,"column":11}},"141":{"start":{"line":142,"column":0},"end":{"line":142,"column":77}},"142":{"start":{"line":143,"column":0},"end":{"line":143,"column":42}},"143":{"start":{"line":144,"column":0},"end":{"line":144,"column":34}},"144":{"start":{"line":145,"column":0},"end":{"line":145,"column":29}},"145":{"start":{"line":146,"column":0},"end":{"line":146,"column":76}},"147":{"start":{"line":148,"column":0},"end":{"line":148,"column":62}},"148":{"start":{"line":149,"column":0},"end":{"line":149,"column":36}},"149":{"start":{"line":150,"column":0},"end":{"line":150,"column":80}},"150":{"start":{"line":151,"column":0},"end":{"line":151,"column":11}},"151":{"start":{"line":152,"column":0},"end":{"line":152,"column":33}},"152":{"start":{"line":153,"column":0},"end":{"line":153,"column":76}},"153":{"start":{"line":154,"column":0},"end":{"line":154,"column":11}},"155":{"start":{"line":156,"column":0},"end":{"line":156,"column":87}},"156":{"start":{"line":157,"column":0},"end":{"line":157,"column":33}},"157":{"start":{"line":158,"column":0},"end":{"line":158,"column":89}},"158":{"start":{"line":159,"column":0},"end":{"line":159,"column":11}},"159":{"start":{"line":160,"column":0},"end":{"line":160,"column":26}},"160":{"start":{"line":161,"column":0},"end":{"line":161,"column":11}},"161":{"start":{"line":162,"column":0},"end":{"line":162,"column":9}},"164":{"start":{"line":165,"column":0},"end":{"line":165,"column":35}},"165":{"start":{"line":166,"column":0},"end":{"line":166,"column":71}},"166":{"start":{"line":167,"column":0},"end":{"line":167,"column":13}},"167":{"start":{"line":168,"column":0},"end":{"line":168,"column":36}},"168":{"start":{"line":169,"column":0},"end":{"line":169,"column":37}},"169":{"start":{"line":170,"column":0},"end":{"line":170,"column":59}},"170":{"start":{"line":171,"column":0},"end":{"line":171,"column":10}},"171":{"start":{"line":172,"column":0},"end":{"line":172,"column":13}},"172":{"start":{"line":173,"column":0},"end":{"line":173,"column":63}},"173":{"start":{"line":174,"column":0},"end":{"line":174,"column":39}},"174":{"start":{"line":175,"column":0},"end":{"line":175,"column":15}},"175":{"start":{"line":176,"column":0},"end":{"line":176,"column":59}},"176":{"start":{"line":177,"column":0},"end":{"line":177,"column":28}},"177":{"start":{"line":178,"column":0},"end":{"line":178,"column":15}},"179":{"start":{"line":180,"column":0},"end":{"line":180,"column":49}},"180":{"start":{"line":181,"column":0},"end":{"line":181,"column":59}},"181":{"start":{"line":182,"column":0},"end":{"line":182,"column":88}},"182":{"start":{"line":183,"column":0},"end":{"line":183,"column":75}},"183":{"start":{"line":184,"column":0},"end":{"line":184,"column":70}},"184":{"start":{"line":185,"column":0},"end":{"line":185,"column":84}},"186":{"start":{"line":187,"column":0},"end":{"line":187,"column":37}},"187":{"start":{"line":188,"column":0},"end":{"line":188,"column":81}},"188":{"start":{"line":189,"column":0},"end":{"line":189,"column":82}},"189":{"start":{"line":190,"column":0},"end":{"line":190,"column":75}},"190":{"start":{"line":191,"column":0},"end":{"line":191,"column":74}},"192":{"start":{"line":193,"column":0},"end":{"line":193,"column":32}},"193":{"start":{"line":194,"column":0},"end":{"line":194,"column":25}},"194":{"start":{"line":195,"column":0},"end":{"line":195,"column":22}},"195":{"start":{"line":196,"column":0},"end":{"line":196,"column":9}},"196":{"start":{"line":197,"column":0},"end":{"line":197,"column":21}},"197":{"start":{"line":198,"column":0},"end":{"line":198,"column":73}},"198":{"start":{"line":199,"column":0},"end":{"line":199,"column":5}},"199":{"start":{"line":200,"column":0},"end":{"line":200,"column":4}},"201":{"start":{"line":202,"column":0},"end":{"line":202,"column":22}},"202":{"start":{"line":203,"column":0},"end":{"line":203,"column":24}},"203":{"start":{"line":204,"column":0},"end":{"line":204,"column":14}},"204":{"start":{"line":205,"column":0},"end":{"line":205,"column":15}},"205":{"start":{"line":206,"column":0},"end":{"line":206,"column":17}},"206":{"start":{"line":207,"column":0},"end":{"line":207,"column":68}},"207":{"start":{"line":208,"column":0},"end":{"line":208,"column":13}},"208":{"start":{"line":209,"column":0},"end":{"line":209,"column":15}},"209":{"start":{"line":210,"column":0},"end":{"line":210,"column":17}},"210":{"start":{"line":211,"column":0},"end":{"line":211,"column":16}},"211":{"start":{"line":212,"column":0},"end":{"line":212,"column":74}},"212":{"start":{"line":213,"column":0},"end":{"line":213,"column":8}},"213":{"start":{"line":214,"column":0},"end":{"line":214,"column":5}},"214":{"start":{"line":215,"column":0},"end":{"line":215,"column":3}}},"s":{"0":1,"8":1,"9":1,"15":1,"16":8,"17":8,"18":8,"19":8,"20":8,"21":8,"22":8,"24":8,"25":8,"27":8,"28":8,"29":8,"30":8,"32":8,"34":8,"35":2,"36":2,"38":8,"39":1,"40":1,"42":7,"44":7,"45":8,"47":1,"48":1,"49":1,"50":1,"51":1,"52":1,"53":1,"54":1,"55":1,"56":1,"57":1,"60":1,"61":1,"63":1,"64":1,"65":1,"66":1,"67":1,"68":1,"69":1,"70":1,"71":1,"72":1,"73":1,"74":8,"76":6,"77":6,"78":6,"79":6,"80":5,"82":8,"83":2,"84":2,"85":1,"86":1,"87":1,"88":1,"89":1,"90":2,"91":2,"92":2,"93":2,"95":2,"96":2,"98":4,"99":4,"101":8,"102":2,"103":2,"104":2,"105":2,"106":2,"107":4,"110":4,"111":4,"112":5,"113":2,"114":3,"115":5,"116":5,"117":5,"118":5,"119":4,"120":4,"122":4,"123":5,"125":5,"126":5,"127":5,"128":5,"129":5,"132":5,"133":1,"137":1,"138":1,"141":5,"142":5,"143":5,"144":5,"145":5,"147":5,"148":5,"149":5,"150":5,"151":5,"152":2,"153":2,"155":5,"156":5,"157":5,"158":5,"159":5,"160":5,"161":4,"164":4,"165":4,"166":4,"167":4,"168":4,"169":5,"170":4,"171":4,"172":4,"173":5,"174":4,"175":4,"176":5,"177":4,"179":4,"180":4,"181":8,"182":8,"183":8,"184":8,"186":8,"187":8,"188":8,"189":8,"190":8,"192":8,"193":8,"194":8,"195":8,"196":8,"197":1,"198":1,"199":8,"201":8,"202":8,"203":8,"204":8,"205":8,"206":8,"207":8,"208":8,"209":8,"210":8,"211":8,"212":8,"213":8,"214":8},"branchMap":{"0":{"type":"branch","line":16,"loc":{"start":{"line":16,"column":37},"end":{"line":215,"column":3}},"locations":[{"start":{"line":16,"column":37},"end":{"line":215,"column":3}}]},"1":{"type":"branch","line":28,"loc":{"start":{"line":28,"column":11},"end":{"line":200,"column":4}},"locations":[{"start":{"line":28,"column":11},"end":{"line":200,"column":4}}]},"2":{"type":"branch","line":33,"loc":{"start":{"line":33,"column":25},"end":{"line":33,"column":47}},"locations":[{"start":{"line":33,"column":25},"end":{"line":33,"column":47}}]},"3":{"type":"branch","line":35,"loc":{"start":{"line":35,"column":17},"end":{"line":37,"column":5}},"locations":[{"start":{"line":35,"column":17},"end":{"line":37,"column":5}}]},"4":{"type":"branch","line":39,"loc":{"start":{"line":39,"column":17},"end":{"line":41,"column":5}},"locations":[{"start":{"line":39,"column":17},"end":{"line":41,"column":5}}]},"5":{"type":"branch","line":41,"loc":{"start":{"line":41,"column":4},"end":{"line":46,"column":37}},"locations":[{"start":{"line":41,"column":4},"end":{"line":46,"column":37}}]},"6":{"type":"branch","line":46,"loc":{"start":{"line":46,"column":37},"end":{"line":75,"column":13}},"locations":[{"start":{"line":46,"column":37},"end":{"line":75,"column":13}}]},"7":{"type":"branch","line":75,"loc":{"start":{"line":75,"column":6},"end":{"line":83,"column":39}},"locations":[{"start":{"line":75,"column":6},"end":{"line":83,"column":39}}]},"8":{"type":"branch","line":80,"loc":{"start":{"line":80,"column":9},"end":{"line":81,"column":7}},"locations":[{"start":{"line":80,"column":9},"end":{"line":81,"column":7}}]},"9":{"type":"branch","line":83,"loc":{"start":{"line":83,"column":39},"end":{"line":97,"column":7}},"locations":[{"start":{"line":83,"column":39},"end":{"line":97,"column":7}}]},"10":{"type":"branch","line":85,"loc":{"start":{"line":85,"column":17},"end":{"line":85,"column":41}},"locations":[{"start":{"line":85,"column":17},"end":{"line":85,"column":41}}]},"11":{"type":"branch","line":85,"loc":{"start":{"line":85,"column":41},"end":{"line":90,"column":9}},"locations":[{"start":{"line":85,"column":41},"end":{"line":90,"column":9}}]},"12":{"type":"branch","line":88,"loc":{"start":{"line":88,"column":28},"end":{"line":88,"column":74}},"locations":[{"start":{"line":88,"column":28},"end":{"line":88,"column":74}}]},"13":{"type":"branch","line":97,"loc":{"start":{"line":97,"column":6},"end":{"line":102,"column":25}},"locations":[{"start":{"line":97,"column":6},"end":{"line":102,"column":25}}]},"14":{"type":"branch","line":102,"loc":{"start":{"line":102,"column":15},"end":{"line":102,"column":41}},"locations":[{"start":{"line":102,"column":15},"end":{"line":102,"column":41}}]},"15":{"type":"branch","line":102,"loc":{"start":{"line":102,"column":30},"end":{"line":102,"column":54}},"locations":[{"start":{"line":102,"column":30},"end":{"line":102,"column":54}}]},"16":{"type":"branch","line":102,"loc":{"start":{"line":102,"column":54},"end":{"line":107,"column":7}},"locations":[{"start":{"line":102,"column":54},"end":{"line":107,"column":7}}]},"17":{"type":"branch","line":104,"loc":{"start":{"line":104,"column":25},"end":{"line":104,"column":67}},"locations":[{"start":{"line":104,"column":25},"end":{"line":104,"column":67}}]},"18":{"type":"branch","line":106,"loc":{"start":{"line":106,"column":26},"end":{"line":106,"column":72}},"locations":[{"start":{"line":106,"column":26},"end":{"line":106,"column":72}}]},"19":{"type":"branch","line":107,"loc":{"start":{"line":107,"column":6},"end":{"line":182,"column":67}},"locations":[{"start":{"line":107,"column":6},"end":{"line":182,"column":67}}]},"20":{"type":"branch","line":182,"loc":{"start":{"line":182,"column":50},"end":{"line":182,"column":83}},"locations":[{"start":{"line":182,"column":50},"end":{"line":182,"column":83}}]},"21":{"type":"branch","line":197,"loc":{"start":{"line":197,"column":4},"end":{"line":199,"column":5}},"locations":[{"start":{"line":197,"column":4},"end":{"line":199,"column":5}}]},"22":{"type":"branch","line":62,"loc":{"start":{"line":62,"column":42},"end":{"line":72,"column":12}},"locations":[{"start":{"line":62,"column":42},"end":{"line":72,"column":12}}]},"23":{"type":"branch","line":112,"loc":{"start":{"line":112,"column":8},"end":{"line":119,"column":10}},"locations":[{"start":{"line":112,"column":8},"end":{"line":119,"column":10}}]},"24":{"type":"branch","line":113,"loc":{"start":{"line":113,"column":49},"end":{"line":114,"column":30}},"locations":[{"start":{"line":113,"column":49},"end":{"line":114,"column":30}}]},"25":{"type":"branch","line":114,"loc":{"start":{"line":114,"column":14},"end":{"line":115,"column":28}},"locations":[{"start":{"line":114,"column":14},"end":{"line":115,"column":28}}]},"26":{"type":"branch","line":123,"loc":{"start":{"line":123,"column":47},"end":{"line":162,"column":7}},"locations":[{"start":{"line":123,"column":47},"end":{"line":162,"column":7}}]},"27":{"type":"branch","line":126,"loc":{"start":{"line":126,"column":24},"end":{"line":161,"column":9}},"locations":[{"start":{"line":126,"column":24},"end":{"line":161,"column":9}}]},"28":{"type":"branch","line":133,"loc":{"start":{"line":133,"column":61},"end":{"line":139,"column":11}},"locations":[{"start":{"line":133,"column":61},"end":{"line":139,"column":11}}]},"29":{"type":"branch","line":152,"loc":{"start":{"line":152,"column":32},"end":{"line":154,"column":11}},"locations":[{"start":{"line":152,"column":32},"end":{"line":154,"column":11}}]},"30":{"type":"branch","line":142,"loc":{"start":{"line":142,"column":58},"end":{"line":142,"column":73}},"locations":[{"start":{"line":142,"column":58},"end":{"line":142,"column":73}}]},"31":{"type":"branch","line":144,"loc":{"start":{"line":144,"column":17},"end":{"line":144,"column":33}},"locations":[{"start":{"line":144,"column":17},"end":{"line":144,"column":33}}]},"32":{"type":"branch","line":146,"loc":{"start":{"line":146,"column":54},"end":{"line":146,"column":67}},"locations":[{"start":{"line":146,"column":54},"end":{"line":146,"column":67}}]},"33":{"type":"branch","line":166,"loc":{"start":{"line":166,"column":31},"end":{"line":166,"column":69}},"locations":[{"start":{"line":166,"column":31},"end":{"line":166,"column":69}}]},"34":{"type":"branch","line":166,"loc":{"start":{"line":166,"column":53},"end":{"line":166,"column":68}},"locations":[{"start":{"line":166,"column":53},"end":{"line":166,"column":68}}]},"35":{"type":"branch","line":169,"loc":{"start":{"line":169,"column":31},"end":{"line":170,"column":59}},"locations":[{"start":{"line":169,"column":31},"end":{"line":170,"column":59}}]},"36":{"type":"branch","line":170,"loc":{"start":{"line":170,"column":25},"end":{"line":170,"column":41}},"locations":[{"start":{"line":170,"column":25},"end":{"line":170,"column":41}}]},"37":{"type":"branch","line":173,"loc":{"start":{"line":173,"column":57},"end":{"line":174,"column":39}},"locations":[{"start":{"line":173,"column":57},"end":{"line":174,"column":39}}]},"38":{"type":"branch","line":174,"loc":{"start":{"line":174,"column":24},"end":{"line":174,"column":37}},"locations":[{"start":{"line":174,"column":24},"end":{"line":174,"column":37}}]},"39":{"type":"branch","line":176,"loc":{"start":{"line":176,"column":53},"end":{"line":177,"column":28}},"locations":[{"start":{"line":176,"column":53},"end":{"line":177,"column":28}}]}},"b":{"0":[8],"1":[8],"2":[6],"3":[2],"4":[1],"5":[7],"6":[1],"7":[6],"8":[5],"9":[2],"10":[1],"11":[1],"12":[0],"13":[4],"14":[2],"15":[2],"16":[2],"17":[1],"18":[1],"19":[4],"20":[0],"21":[1],"22":[1],"23":[5],"24":[2],"25":[3],"26":[5],"27":[5],"28":[1],"29":[2],"30":[6],"31":[6],"32":[6],"33":[5],"34":[6],"35":[5],"36":[6],"37":[5],"38":[6],"39":[5]},"fnMap":{"0":{"name":"listCustomSignalsTool","decl":{"start":{"line":16,"column":37},"end":{"line":215,"column":3}},"loc":{"start":{"line":16,"column":37},"end":{"line":215,"column":3}},"line":16},"1":{"name":"execute","decl":{"start":{"line":28,"column":11},"end":{"line":200,"column":4}},"loc":{"start":{"line":28,"column":11},"end":{"line":200,"column":4}},"line":28}},"f":{"0":8,"1":8}},"/Users/brianokelley/conductor/activation-api/.conductor/list/src/utils/error-handling.ts":{"path":"/Users/brianokelley/conductor/activation-api/.conductor/list/src/utils/error-handling.ts","all":false,"statementMap":{"0":{"start":{"line":1,"column":0},"end":{"line":1,"column":23}},"1":{"start":{"line":2,"column":0},"end":{"line":2,"column":46}},"2":{"start":{"line":3,"column":0},"end":{"line":3,"column":50}},"3":{"start":{"line":4,"column":0},"end":{"line":4,"column":56}},"4":{"start":{"line":5,"column":0},"end":{"line":5,"column":52}},"5":{"start":{"line":6,"column":0},"end":{"line":6,"column":38}},"6":{"start":{"line":7,"column":0},"end":{"line":7,"column":46}},"7":{"start":{"line":8,"column":0},"end":{"line":8,"column":34}},"16":{"start":{"line":17,"column":0},"end":{"line":17,"column":63}},"17":{"start":{"line":18,"column":0},"end":{"line":18,"column":31}},"18":{"start":{"line":19,"column":0},"end":{"line":19,"column":48}},"20":{"start":{"line":21,"column":0},"end":{"line":21,"column":8}},"21":{"start":{"line":22,"column":0},"end":{"line":22,"column":50}},"22":{"start":{"line":23,"column":0},"end":{"line":23,"column":44}},"23":{"start":{"line":24,"column":0},"end":{"line":24,"column":41}},"24":{"start":{"line":25,"column":0},"end":{"line":25,"column":35}},"25":{"start":{"line":26,"column":0},"end":{"line":26,"column":7}},"26":{"start":{"line":27,"column":0},"end":{"line":27,"column":14}},"27":{"start":{"line":28,"column":0},"end":{"line":28,"column":46}},"28":{"start":{"line":29,"column":0},"end":{"line":29,"column":31}},"29":{"start":{"line":30,"column":0},"end":{"line":30,"column":73}},"30":{"start":{"line":31,"column":0},"end":{"line":31,"column":8}},"31":{"start":{"line":32,"column":0},"end":{"line":32,"column":15}},"32":{"start":{"line":33,"column":0},"end":{"line":33,"column":52}},"33":{"start":{"line":34,"column":0},"end":{"line":34,"column":48}},"34":{"start":{"line":35,"column":0},"end":{"line":35,"column":36}},"35":{"start":{"line":36,"column":0},"end":{"line":36,"column":33}},"36":{"start":{"line":37,"column":0},"end":{"line":37,"column":7}},"37":{"start":{"line":38,"column":0},"end":{"line":38,"column":14}},"38":{"start":{"line":39,"column":0},"end":{"line":39,"column":44}},"39":{"start":{"line":40,"column":0},"end":{"line":40,"column":31}},"40":{"start":{"line":41,"column":0},"end":{"line":41,"column":80}},"41":{"start":{"line":42,"column":0},"end":{"line":42,"column":8}},"42":{"start":{"line":43,"column":0},"end":{"line":43,"column":15}},"43":{"start":{"line":44,"column":0},"end":{"line":44,"column":44}},"44":{"start":{"line":45,"column":0},"end":{"line":45,"column":40}},"45":{"start":{"line":46,"column":0},"end":{"line":46,"column":39}},"46":{"start":{"line":47,"column":0},"end":{"line":47,"column":36}},"47":{"start":{"line":48,"column":0},"end":{"line":48,"column":7}},"48":{"start":{"line":49,"column":0},"end":{"line":49,"column":14}},"49":{"start":{"line":50,"column":0},"end":{"line":50,"column":40}},"50":{"start":{"line":51,"column":0},"end":{"line":51,"column":31}},"51":{"start":{"line":52,"column":0},"end":{"line":52,"column":70}},"52":{"start":{"line":53,"column":0},"end":{"line":53,"column":8}},"53":{"start":{"line":54,"column":0},"end":{"line":54,"column":5}},"56":{"start":{"line":57,"column":0},"end":{"line":57,"column":12}},"57":{"start":{"line":58,"column":0},"end":{"line":58,"column":36}},"58":{"start":{"line":59,"column":0},"end":{"line":59,"column":29}},"59":{"start":{"line":60,"column":0},"end":{"line":60,"column":56}},"60":{"start":{"line":61,"column":0},"end":{"line":61,"column":6}},"61":{"start":{"line":62,"column":0},"end":{"line":62,"column":3}},"64":{"start":{"line":65,"column":0},"end":{"line":65,"column":72}},"65":{"start":{"line":66,"column":0},"end":{"line":66,"column":10}},"66":{"start":{"line":67,"column":0},"end":{"line":67,"column":34}},"67":{"start":{"line":68,"column":0},"end":{"line":68,"column":25}},"68":{"start":{"line":69,"column":0},"end":{"line":69,"column":48}},"69":{"start":{"line":70,"column":0},"end":{"line":70,"column":4}},"70":{"start":{"line":71,"column":0},"end":{"line":71,"column":1}},"72":{"start":{"line":73,"column":0},"end":{"line":73,"column":51}},"73":{"start":{"line":74,"column":0},"end":{"line":74,"column":28}},"74":{"start":{"line":75,"column":0},"end":{"line":75,"column":42}},"75":{"start":{"line":76,"column":0},"end":{"line":76,"column":33}},"76":{"start":{"line":77,"column":0},"end":{"line":77,"column":12}},"77":{"start":{"line":78,"column":0},"end":{"line":78,"column":108}},"78":{"start":{"line":79,"column":0},"end":{"line":79,"column":19}},"79":{"start":{"line":80,"column":0},"end":{"line":80,"column":5}},"80":{"start":{"line":81,"column":0},"end":{"line":81,"column":1}},"82":{"start":{"line":83,"column":0},"end":{"line":83,"column":36}},"83":{"start":{"line":84,"column":0},"end":{"line":84,"column":25}},"84":{"start":{"line":85,"column":0},"end":{"line":85,"column":17}},"85":{"start":{"line":86,"column":0},"end":{"line":86,"column":11}},"86":{"start":{"line":87,"column":0},"end":{"line":87,"column":46}},"88":{"start":{"line":89,"column":0},"end":{"line":89,"column":28}},"89":{"start":{
[...]
olumn":0},"end":{"line":72,"column":9}},"72":{"start":{"line":73,"column":0},"end":{"line":73,"column":21}},"73":{"start":{"line":74,"column":0},"end":{"line":74,"column":22}},"74":{"start":{"line":75,"column":0},"end":{"line":75,"column":98}},"75":{"start":{"line":76,"column":0},"end":{"line":76,"column":8}},"76":{"start":{"line":77,"column":0},"end":{"line":77,"column":5}},"77":{"start":{"line":78,"column":0},"end":{"line":78,"column":4}},"79":{"start":{"line":80,"column":0},"end":{"line":80,"column":29}},"80":{"start":{"line":81,"column":0},"end":{"line":81,"column":24}},"81":{"start":{"line":82,"column":0},"end":{"line":82,"column":24}},"82":{"start":{"line":83,"column":0},"end":{"line":83,"column":24}},"83":{"start":{"line":84,"column":0},"end":{"line":84,"column":16}},"84":{"start":{"line":85,"column":0},"end":{"line":85,"column":72}},"85":{"start":{"line":86,"column":0},"end":{"line":86,"column":8}},"86":{"start":{"line":87,"column":0},"end":{"line":87,"column":18}},"87":{"start":{"line":88,"column":0},"end":{"line":88,"column":15}},"88":{"start":{"line":89,"column":0},"end":{"line":89,"column":17}},"89":{"start":{"line":90,"column":0},"end":{"line":90,"column":59}},"90":{"start":{"line":91,"column":0},"end":{"line":91,"column":17}},"91":{"start":{"line":92,"column":0},"end":{"line":92,"column":15}},"92":{"start":{"line":93,"column":0},"end":{"line":93,"column":17}},"93":{"start":{"line":94,"column":0},"end":{"line":94,"column":16}},"94":{"start":{"line":95,"column":0},"end":{"line":95,"column":82}},"95":{"start":{"line":96,"column":0},"end":{"line":96,"column":8}},"96":{"start":{"line":97,"column":0},"end":{"line":97,"column":78}},"97":{"start":{"line":98,"column":0},"end":{"line":98,"column":15}},"98":{"start":{"line":99,"column":0},"end":{"line":99,"column":15}},"99":{"start":{"line":100,"column":0},"end":{"line":100,"column":17}},"100":{"start":{"line":101,"column":0},"end":{"line":101,"column":16}},"101":{"start":{"line":102,"column":0},"end":{"line":102,"column":86}},"102":{"start":{"line":103,"column":0},"end":{"line":103,"column":8}},"103":{"start":{"line":104,"column":0},"end":{"line":104,"column":5}},"104":{"start":{"line":105,"column":0},"end":{"line":105,"column":3}}},"s":{"0":0,"8":0,"10":0,"11":0,"12":0,"13":0,"14":0,"15":0,"16":0,"17":0,"19":0,"20":0,"22":0,"23":0,"24":0,"25":0,"27":0,"29":0,"30":0,"31":0,"33":0,"34":0,"35":0,"36":0,"37":0,"39":0,"40":0,"41":0,"42":0,"43":0,"44":0,"45":0,"46":0,"48":0,"49":0,"50":0,"51":0,"52":0,"53":0,"54":0,"55":0,"56":0,"58":0,"59":0,"60":0,"61":0,"62":0,"63":0,"64":0,"66":0,"68":0,"69":0,"70":0,"71":0,"72":0,"73":0,"74":0,"75":0,"76":0,"77":0,"79":0,"80":0,"81":0,"82":0,"83":0,"84":0,"85":0,"86":0,"87":0,"88":0,"89":0,"90":0,"91":0,"92":0,"93":0,"94":0,"95":0,"96":0,"97":0,"98":0,"99":0,"100":0,"101":0,"102":0,"103":0,"104":0},"branchMap":{"0":{"type":"branch","line":1,"loc":{"start":{"line":1,"column":3381},"end":{"line":105,"column":3}},"locations":[{"start":{"line":1,"column":3381},"end":{"line":105,"column":3}}]}},"b":{"0":[0]},"fnMap":{"0":{"name":"(empty-report)","decl":{"start":{"line":1,"column":3381},"end":{"line":105,"column":3}},"loc":{"start":{"line":1,"column":3381},"end":{"line":105,"column":3}},"line":1}},"f":{"0":0}},"/Users/brianokelley/conductor/activation-api/.conductor/list/src/tools/brand-agents/core/list.ts":{"path":"/Users/brianokelley/conductor/activation-api/.conductor/list/src/tools/brand-agents/core/list.ts","all":true,"statementMap":{"0":{"start":{"line":1,"column":0},"end":{"line":1,"column":24}},"9":{"start":{"line":10,"column":0},"end":{"line":10,"column":69}},"11":{"start":{"line":12,"column":0},"end":{"line":12,"column":66}},"12":{"start":{"line":13,"column":0},"end":{"line":13,"column":16}},"13":{"start":{"line":14,"column":0},"end":{"line":14,"column":29}},"14":{"start":{"line":15,"column":0},"end":{"line":15,"column":23}},"15":{"start":{"line":16,"column":0},"end":{"line":16,"column":24}},"16":{"start":{"line":17,"column":0},"end":{"line":17,"column":23}},"17":{"start":{"line":18,"column":0},"end":{"line":18,"column":31}},"18":{"start":{"line":19,"column":0},"end":{"line":19,"column":4}},"20":{"start":{"line":21,"column":0},"end":{"line":21,"column":14}},"21":{"start":{"line":22,"column":0},"end":{"line":22,"column":145}},"23":{"start":{"line":24,"column":0},"end":{"line":24,"column":18}},"24":{"start":{"line":25,"column":0},"end":{"line":25,"column":32}},"25":{"start":{"line":26,"column":0},"end":{"line":26,"column":35}},"26":{"start":{"line":27,"column":0},"end":{"line":27,"column":25}},"28":{"start":{"line":29,"column":0},"end":{"line":29,"column":47}},"30":{"start":{"line":31,"column":0},"end":{"line":31,"column":18}},"31":{"start":{"line":32,"column":0},"end":{"line":32,"column":42}},"32":{"start":{"line":33,"column":0},"end":{"line":33,"column":5}},"34":{"start":{"line":35,"column":0},"end":{"line":35,"column":18}},"35":{"start":{"line":36,"column":0},"end":{"line":36,"column":22}},"36":{"start":{"line":37,"column":0},"end":{"line":37,"column":110}},"37":{"start":{"line":38,"column":0},"end":{"line":38,"column":8}},"38":{"start":{"line":39,"column":0},"end":{"line":39,"column":5}},"40":{"start":{"line":41,"column":0},"end":{"line":41,"column":9}},"42":{"start":{"line":43,"column":0},"end":{"line":43,"column":69}},"43":{"start":{"line":44,"column":0},"end":{"line":44,"column":11}},"44":{"start":{"line":45,"column":0},"end":{"line":45,"column":45}},"45":{"start":{"line":46,"column":0},"end":{"line":46,"column":49}},"46":{"start":{"line":47,"column":0},"end":{"line":47,"column":26}},"47":{"start":{"line":48,"column":0},"end":{"line":48,"column":78}},"48":{"start":{"line":49,"column":0},"end":{"line":49,"column":11}},"49":{"start":{"line":50,"column":0},"end":{"line":50,"column":20}},"51":{"start":{"line":52,"column":0},"end":{"line":52,"column":75}},"53":{"start":{"line":54,"column":0},"end":{"line":54,"column":37}},"54":{"start":{"line":55,"column":0},"end":{"line":55,"column":34}},"55":{"start":{"line":56,"column":0},"end":{"line":56,"column":18}},"56":{"start":{"line":57,"column":0},"end":{"line":57,"column":83}},"57":{"start":{"line":58,"column":0},"end":{"line":58,"column":24}},"58":{"start":{"line":59,"column":0},"end":{"line":59,"column":11}},"59":{"start":{"line":60,"column":0},"end":{"line":60,"column":7}},"61":{"start":{"line":62,"column":0},"end":{"line":62,"column":105}},"63":{"start":{"line":64,"column":0},"end":{"line":64,"column":45}},"64":{"start":{"line":65,"column":0},"end":{"line":65,"column":55}},"65":{"start":{"line":66,"column":0},"end":{"line":66,"column":44}},"66":{"start":{"line":67,"column":0},"end":{"line":67,"column":32}},"67":{"start":{"line":68,"column":0},"end":{"line":68,"column":64}},"68":{"start":{"line":69,"column":0},"end":{"line":69,"column":9}},"69":{"start":{"line":70,"column":0},"end":{"line":70,"column":58}},"70":{"start":{"line":71,"column":0},"end":{"line":71,"column":83}},"71":{"start":{"line":72,"column":0},"end":{"line":72,"column":88}},"72":{"start":{"line":73,"column":0},"end":{"line":73,"column":45}},"73":{"start":{"line":74,"column":0},"end":{"line":74,"column":26}},"74":{"start":{"line":75,"column":0},"end":{"line":75,"column":9}},"75":{"start":{"line":76,"column":0},"end":{"line":76,"column":9}},"77":{"start":{"line":78,"column":0},"end":{"line":78,"column":132}},"79":{"start":{"line":80,"column":0},"end":{"line":80,"column":32}},"80":{"start":{"line":81,"column":0},"end":{"line":81,"column":25}},"81":{"start":{"line":82,"column":0},"end":{"line":82,"column":22}},"82":{"start":{"line":83,"column":0},"end":{"line":83,"column":9}},"83":{"start":{"line":84,"column":0},"end":{"line":84,"column":21}},"84":{"start":{"line":85,"column":0},"end":{"line":85,"column":22}},"85":{"start":{"line":86,"column":0},"end":{"line":86,"column":98}},"86":{"start":{"line":87,"column":0},"end":{"line":87,"column":8}},"87":{"start":{"line":88,"column":0},"end":{"line":88,"column":5}},"88":{"start":{"line":89,"column":0},"end":{"line":89,"column":4}},"90":{"start":{"line":91,"column":0},"end":{"line":91,"column":27}},"91":{"start":{"line":92,"column":0},"end":{"line":92,"column":24}},"92":{"start":{"line":93,"column":0},"end":{"line":93,"column":12}},"93":{"start":{"line":94,"column":0},"end":{"line":94,"column":15}},"94":{"start":{"line":95,"column":0},"end":{"line":95,"column":76}},"95":{"start":{"line":96,"column":0},"end":{"line":96,"column":15}},"96":{"start":{"line":97,"column":0},"end":{"line":97,"column":19}},"97":{"start":{"line":98,"column":0},"end":{"line":98,"column":21}},"98":{"start":{"line":99,"column":0},"end":{"line":99,"column":66}},"99":{"start":{"line":100,"column":0},"end":{"line":100,"column":8}},"100":{"start":{"line":101,"column":0},"end":{"line":101,"column":17}},"101":{"start":{"line":102,"column":0},"end":{"line":102,"column":53}},"102":{"start":{"line":103,"column":0},"end":{"line":103,"column":5}},"103":{"start":{"line":104,"column":0},"end":{"line":104,"column":3}}},"s":{"0":0,"9":0,"11":0,"12":0,"13":0,"14":0,"15":0,"16":0,"17":0,"18":0,"20":0,"21":0,"23":0,"24":0,"25":0,"26":0,"28":0,"30":0,"31":0,"32":0,"34":0,"35":0,"36":0,"37":0,"38":0,"40":0,"42":0,"43":0,"44":0,"45":0,"46":0,"47":0,"48":0,"49":0,"51":0,"53":0,"54":0,"55":0,"56":0,"57":0,"58":0,"59":0,"61":0,"63":0,"64":0,"65":0,"66":0,"67":0,"68":0,"69":0,"70":0,"71":0,"72":0,"73":0,"74":0,"75":0,"77":0,"79":0,"80":0,"81":0,"82":0,"83":0,"84":0,"85":0,"86":0,"87":0,"88":0,"90":0,"91":0,"92":0,"93":0,"94":0,"95":0,"96":0,"97":0,"98":0,"99":0,"100":0,"101":0,"102":0,"103":0},"branchMap":{"0":{"type":"branch","line":1,"loc":{"start":{"line":1,"column":3350},"end":{"line":104,"column":3}},"locations":[{"start":{"line":1,"column":3350},"end":{"line":104,"column":3}}]}},"b":{"0":[0]},"fnMap":{"0":{"name":"(empty-report)","decl":{"start":{"line":1,"column":3350},"end":{"line":104,"column":3}},"loc":{"start":{"line":1,"column":3350},"end":{"line":104,"column":3}},"line":1}},"f":{"0":0}},"/Users/brianokelley/conductor/activation-api/.conductor/list/src/tools/assets/add.ts":{"path":"/Users/brianokelley/conductor/activation-api/.conductor/list/src/tools/assets/add.ts","all":true,"statementMap":{"0":{"start":{"line":1,"column":0},"end":{"line":1,"column":24}},"9":{"start":{"line":10,"column":0},"end":{"line":10,"column":60}},"10":{"start":{"line":11,"column":0},"end":{"line":11,"column":16}},"11":{"start":{"line":12,"column":0},"end":{"line":12,"column":23}},"12":{"start":{"line":13,"column":0},"end":{"line":13,"column":23}},"13":{"start":{"line":14,"column":0},"end":{"line":14,"column":24}},"14":{"start":{"line":15,"column":0},"end":{"line":15,"column":24}},"15":{"start":{"line":16,"column":0},"end":{"line":16,"column":47}},"16":{"start":{"line":17,"column":0},"end":{"line":17,"column":4}},"18":{"start":{"line":19,"column":0},"end":{"line":19,"column":14}},"19":{"start":{"line":20,"column":0},"end":{"line":20,"column":235}},"21":{"start":{"line":22,"column":0},"end":{"line":22,"column":18}},"22":{"start":{"line":23,"column":0},"end":{"line":23,"column":11}},"40":{"start":{"line":41,"column":0},"end":{"line":41,"column":35}},"41":{"start":{"line":42,"column":0},"end":{"line":42,"column":25}},"43":{"start":{"line":44,"column":0},"end":{"line":44,"column":47}},"45":{"start":{"line":46,"column":0},"end":{"line":46,"column":18}},"46":{"start":{"line":47,"column":0},"end":{"line":47,"column":42}},"47":{"start":{"line":48,"column":0},"end":{"line":48,"column":5}},"49":{"start":{"line":50,"column":0},"end":{"line":50,"column":18}},"50":{"start":{"line":51,"column":0},"end":{"line":51,"column":22}},"51":{"start":{"line":52,"column":0},"end":{"line":52,"column":110}},"52":{"start":{"line":53,"column":0},"end":{"line":53,"column":8}},"53":{"start":{"line":54,"column":0},"end":{"line":54,"column":5}},"55":{"start":{"line":56,"column":0},"end":{"line":56,"column":9}},"57":{"start":{"line":58,"column":0},"end":{"line":58,"column":40}},"58":{"start":{"line":59,"column":0},"end":{"line":59,"column":55}},"59":{"start":{"line":60,"column":0},"end":{"line":60,"column":43}},"60":{"start":{"line":61,"column":0},"end":{"line":61,"column":26}},"61":{"start":{"line":62,"column":0},"end":{"line":62,"column":92}},"62":{"start":{"line":63,"column":0},"end":{"line":63,"column":12}},"63":{"start":{"line":64,"column":0},"end":{"line":64,"column":9}},"64":{"start":{"line":65,"column":0},"end":{"line":65,"column":7}},"67":{"start":{"line":68,"column":0},"end":{"line":68,"column":53}},"68":{"start":{"line":69,"column":0},"end":{"line":69,"column":28}},"69":{"start":{"line":70,"column":0},"end":{"line":70,"column":40}},"70":{"start":{"line":71,"column":0},"end":{"line":71,"column":9}},"73":{"start":{"line":74,"column":0},"end":{"line":74,"column":55}},"76":{"start":{"line":77,"column":0},"end":{"line":77,"column":35}},"77":{"start":{"line":78,"column":0},"end":{"line":78,"column":40}},"78":{"start":{"line":79,"column":0},"end":{"line":79,"column":36}},"79":{"start":{"line":80,"column":0},"end":{"line":80,"column":30}},"84":{"start":{"line":85,"column":0},"end":{"line":85,"column":49}},"85":{"start":{"line":86,"column":0},"end":{"line":86,"column":55}},"86":{"start":{"line":87,"column":0},"end":{"line":87,"column":21}},"87":{"start":{"line":88,"column":0},"end":{"line":88,"column":50}},"89":{"start":{"line":90,"column":0},"end":{"line":90,"column":38}},"90":{"start":{"line":91,"column":0},"end":{"line":91,"column":23}},"91":{"start":{"line":92,"column":0},"end":{"line":92,"column":41}},"92":{"start":{"line":93,"column":0},"end":{"line":93,"column":9}},"93":{"start":{"line":94,"column":0},"end":{"line":94,"column":35}},"94":{"start":{"line":95,"column":0},"end":{"line":95,"column":23}},"95":{"start":{"line":96,"column":0},"end":{"line":96,"column":41}},"96":{"start":{"line":97,"column":0},"end":{"line":97,"column":9}},"97":{"start":{"line":98,"column":0},"end":{"line":98,"column":32}},"98":{"start":{"line":99,"column":0},"end":{"line":99,"column":23}},"99":{"start":{"line":100,"column":0},"end":{"line":100,"column":34}},"100":{"start":{"line":101,"column":0},"end":{"line":101,"column":9}},"101":{"start":{"line":102,"column":0},"end":{"line":102,"column":7}},"103":{"start":{"line":104,"column":0},"end":{"line":104,"column":36}},"104":{"start":{"line":105,"column":0},"end":{"line":105,"column":21}},"108":{"start":{"line":109,"column":0},"end":{"line":109,"column":46}},"109":{"start":{"line":110,"column":0},"end":{"line":110,"column":35}},"110":{"start":{"line":111,"column":0},"end":{"line":111,"column":32}},"111":{"start":{"line":112,"column":0},"end":{"line":112,"column":22}},"118":{"start":{"line":119,"column":0},"end":{"line":119,"column":7}},"120":{"start":{"line":121,"column":0},"end":{"line":121,"column":22}},"121":{"start":{"line":122,"column":0},"end":{"line":122,"column":21}},"122":{"start":{"line":123,"column":0},"end":{"line":123,"column":22}},"123":{"start":{"line":124,"column":0},"end":{"line":124,"column":90}},"124":{"start":{"line":125,"column":0},"end":{"line":125,"column":8}},"125":{"start":{"line":126,"column":0},"end":{"line":126,"column":5}},"126":{"start":{"line":127,"column":0},"end":{"line":127,"column":4}},"128":{"start":{"line":129,"column":0},"end":{"line":129,"column":21}},"130":{"start":{"line":131,"column":0},"end":{"line":131,"column":24}},"131":{"start":{"line":132,"column":0},"end":{"line":132,"column":13}},"132":{"start":{"line":133,"column":0},"end":{"line":133,"column":13}},"133":{"start":{"line":134,"column":0},"end":{"line":134,"column":18}},"134":{"start":{"line":135,"column":0},"end":{"line":135,"column":21}},"135":{"start":{"line":136,"column":0},"end":{"line":136,"column":21}},"136":{"start":{"line":137,"column":0},"end":{"line":137,"column":27}},"137":{"start":{"line":138,"column":0},"end":{"line":138,"column":25}},"138":{"start":{"line":139,"column":0},"end":{"line":139,"column":37}},"139":{"start":{"line":140,"column":0},"end":{"line":140,"column":36}},"140":{"start":{"line":141,"column":0},"end":{"line":141,"column":18}},"141":{"start":{"line":142,"column":0},"end":{"line":142,"column":27}},"142":{"start":{"line":143,"column":0},"end":{"line":143,"column":58}},"143":{"start":{"line":144,"column":0},"end":{"line":144,"column":25}},"144":{"start":{"line":145,"column":0},"end":{"line":145,"column":25}},"145":{"start":{"line":146,"column":0},"end":{"line":146,"column":27}},"146":{"start":{"line":147,"column":0},"end":{"line":147,"column":65}},"147":{"start":{"line":148,"column":0},"end":{"line":148,"column":77}},"148":{"start":{"line":149,"column":0},"end":{"line":149,"column":21}},"149":{"start":{"line":150,"column":0},"end":{"line":150,"column":34}},"150":{"start":{"line":151,"column":0},"end":{"line":151,"column":27}},"151":{"start":{"line":152,"column":0},"end":{"line":152,"column":51}},"152":{"start":{"line":153,"column":0},"end":{"line":153,"column":14}},"153":{"start":{"line":154,"column":0},"end":{"line":154,"column":23}},"154":{"start":{"line":155,"column":0},"end":{"line":155,"column":57}},"155":{"start":{"line":156,"column":0},"end":{"line":156,"column":73}},"157":{"start":{"line":158,"column":0},"end":{"line":158,"column":19}},"158":{"start":{"line":159,"column":0},"end":{"line":159,"column":21}},"159":{"start":{"line":160,"column":0},"end":{"line":160,"column":71}},"160":{"start":{"line":161,"column":0},"end":{"line":161,"column":78}},"161":{"start":{"line":162,"column":0},"end":{"line":162,"column":80}},"162":{"start":{"line":163,"column":0},"end":{"line":163,"column":14}},"163":{"start":{"line":164,"column":0},"end":{"line":164,"column":73}},"164":{"start":{"line":165,"column":0},"end":{"line":165,"column":22}},"165":{"start":{"line":166,"column":0},"end":{"line":166,"column":82}},"166":{"start":{"line":167,"column":0},"end":{"line":167,"column":15}},"168":{"start":{"line":169,"column":0},"end":{"line":169,"column":17}},"169":{"start":{"line":170,"column":0},"end":{"line":170,"column":62}},"170":{"start":{"line":171,"column":0},"end":{"line":171,"column":39}},"171":{"start":{"line":172,"column":0},"end":{"line":172,"column":11}},"172":{"start":{"line":173,"column":0},"end":{"line":173,"column":7}},"173":{"start":{"line":174,"column":0},"end":{"line":174,"column":13}},"174":{"start":{"line":175,"column":0},"end":{"line":175,"column":42}},"176":{"start":{"line":177,"column":0},"end":{"line":177,"column":19}},"177":{"start":{"line":178,"column":0},"end":{"line":178,"column":15}},"178":{"start":{"line":179,"column":0},"end":{"line":179,"column":62}},"179":{"start":{"line":180,"column":0},"end":{"line":180,"column":5}},"180":{"start":{"line":181,"column":0},"end":{"line":181,"column":3}}},"s":{"0":0,"9":0,"10":0,"11":0,"12":0,"13":0,"14":0,"15":0,"16":0,"18":0,"19":0,"21":0,"22":0,"40":0,"41":0,"43":0,"45":0,"46":0,"47":0,"49":0,"50":0,"51":0,"52":0,"53":0,"55":0,"57":0,"58":0,"59":0,"60":0,"61":0,"62":0,"63":0,"64":0,"67":0,"68":0,"69":0,"70":0,"73":0,"76":0,"77":0,"78":0,"79":0,"84":0,"85":0,"86":0,"87":0,"89":0,"90":0,"91":0,"92":0,"93":0,"94":0,"95":0,"96":0,"97":0,"98":0,"99":0,"100":0,"101":0,"103":0,"104":0,"108":0,"109":0,"110":0,"111":0,"118":0,"120":0,"121":0,"122":0,"123":0,"124":0,"125":0,"126":0,"128":0,"130":0,"131":0,"132":0,"133":0,"134":0,"135":0,"136":0,"137":0,"138":0,"139":0,"140":0,"141":0,"142":0,"143":0,"144":0,"145":0,"146":0,"147":0,"148":0,"149":0,"150":0,"151":0,"152":0,"153":0,"154":0,"155":0,"157":0,"158":0,"159":0,"160":0,"161":0,"162":0,"163":0,"164":0,"165":0,"166":0,"168":0,"169":0,"170":0,"171":0,"172":0,"173":0,"174":0,"176":0,"177":0,"178":0,"179":0,"180":0},"branchMap":{"0":{"type":"branch","line":1,"loc":{"start":{"line":1,"column":5481},"end":{"line":181,"column":3}},"locations":[{"start":{"line":1,"column":5481},"end":{"line":181,"column":3}}]}},"b":{"0":[0]},"fnMap":{"0":{"name":"(empty-report)","decl":{"start":{"line":1,"column":5481},"end":{"line":181,"column":3}},"loc":{"start":{"line":1,"column":5481},"end":{"line":181,"column":3}},"line":1}},"f":{"0":0}}}}